<?xml version="1.0" encoding="UTF-8"?>
<testng-results skipped="0" failed="3" total="8" passed="5">
  <reporter-output>
  </reporter-output>
  <suite name="test-regression" duration-ms="4947861" started-at="2016-02-15T18:09:38Z" finished-at="2016-02-15T19:32:06Z">
    <groups>
    </groups>
    <test name="test-regression" duration-ms="4947861" started-at="2016-02-15T18:09:38Z" finished-at="2016-02-15T19:32:06Z">
      <class name="test.Cases.cpadTestPrograms">
        <test-method status="PASS" signature="logOpen()[pri:0, instance:test.Cases.cpadTestPrograms@35bbe5e8]" name="logOpen" is-config="true" duration-ms="40" started-at="2016-02-15T13:09:38Z" finished-at="2016-02-15T13:09:38Z">
          <reporter-output>
          </reporter-output>
        </test-method> <!-- logOpen -->
        <test-method status="PASS" signature="logOpen()[pri:0, instance:test.Cases.cpadTestVideos@7c75222b]" name="logOpen" is-config="true" duration-ms="3" started-at="2016-02-15T13:09:38Z" finished-at="2016-02-15T13:09:38Z">
          <reporter-output>
          </reporter-output>
        </test-method> <!-- logOpen -->
        <test-method status="PASS" signature="startTime()[pri:0, instance:test.Cases.cpadTestPrograms@35bbe5e8]" name="startTime" is-config="true" duration-ms="11" started-at="2016-02-15T13:09:38Z" finished-at="2016-02-15T13:09:38Z">
          <reporter-output>
          </reporter-output>
        </test-method> <!-- startTime -->
        <test-method status="FAIL" signature="testCreatedOnOrderIsAscending()[pri:0, instance:test.Cases.cpadTestPrograms@35bbe5e8]" name="testCreatedOnOrderIsAscending" duration-ms="259037" started-at="2016-02-15T13:09:38Z" finished-at="2016-02-15T13:13:57Z">
          <exception class="org.openqa.selenium.remote.SessionNotFoundException">
            <message>
              <![CDATA[Session ID is null. Using WebDriver after calling quit()?
Build info: version: '2.45.0', revision: '32a636c', time: '2015-03-05 22:01:35'
System info: host: 'WIN-K1RO6HNCMPU', ip: '192.168.126.129', os.name: 'Windows 7', os.arch: 'amd64', os.version: '6.1', java.version: '1.8.0_72'
Driver info: driver.version: RemoteWebDriver]]>
            </message>
            <full-stacktrace>
              <![CDATA[org.openqa.selenium.remote.SessionNotFoundException: Session ID is null. Using WebDriver after calling quit()?
Build info: version: '2.45.0', revision: '32a636c', time: '2015-03-05 22:01:35'
System info: host: 'WIN-K1RO6HNCMPU', ip: '192.168.126.129', os.name: 'Windows 7', os.arch: 'amd64', os.version: '6.1', java.version: '1.8.0_72'
Driver info: driver.version: RemoteWebDriver
	at org.openqa.selenium.remote.HttpCommandExecutor.execute(HttpCommandExecutor.java:125)
	at org.openqa.selenium.remote.service.DriverCommandExecutor.execute(DriverCommandExecutor.java:66)
	at org.openqa.selenium.remote.RemoteWebDriver.execute(RemoteWebDriver.java:572)
	at org.openqa.selenium.remote.RemoteWebDriver.execute(RemoteWebDriver.java:622)
	at org.openqa.selenium.remote.RemoteWebDriver.getScreenshotAs(RemoteWebDriver.java:324)
	at test.helper.Functions.getScreenShot(Functions.java:1219)
	at test.helper.Functions.getAssertTrue(Functions.java:1005)
	at test.Cases.cpadTestPrograms.testCreatedOnOrderIsAscending(cpadTestPrograms.java:216)
	at sun.reflect.NativeMethodAccessorImpl.invoke0(Native Method)
	at sun.reflect.NativeMethodAccessorImpl.invoke(NativeMethodAccessorImpl.java:62)
	at sun.reflect.DelegatingMethodAccessorImpl.invoke(DelegatingMethodAccessorImpl.java:43)
	at java.lang.reflect.Method.invoke(Method.java:498)
	at org.testng.internal.MethodInvocationHelper.invokeMethod(MethodInvocationHelper.java:84)
	at org.testng.internal.Invoker.invokeMethod(Invoker.java:714)
	at org.testng.internal.Invoker.invokeTestMethod(Invoker.java:901)
	at org.testng.internal.Invoker.invokeTestMethods(Invoker.java:1231)
	at org.testng.internal.TestMethodWorker.invokeTestMethods(TestMethodWorker.java:127)
	at org.testng.internal.TestMethodWorker.run(TestMethodWorker.java:111)
	at org.testng.TestRunner.privateRun(TestRunner.java:767)
	at org.testng.TestRunner.run(TestRunner.java:617)
	at org.testng.SuiteRunner.runTest(SuiteRunner.java:334)
	at org.testng.SuiteRunner.runSequentially(SuiteRunner.java:329)
	at org.testng.SuiteRunner.privateRun(SuiteRunner.java:291)
	at org.testng.SuiteRunner.run(SuiteRunner.java:240)
	at org.testng.SuiteRunnerWorker.runSuite(SuiteRunnerWorker.java:52)
	at org.testng.SuiteRunnerWorker.run(SuiteRunnerWorker.java:86)
	at org.testng.TestNG.runSuitesSequentially(TestNG.java:1224)
	at org.testng.TestNG.runSuitesLocally(TestNG.java:1149)
	at org.testng.TestNG.run(TestNG.java:1057)
	at org.testng.remote.RemoteTestNG.run(RemoteTestNG.java:115)
	at org.testng.remote.RemoteTestNG.initAndRun(RemoteTestNG.java:207)
	at org.testng.remote.RemoteTestNG.main(RemoteTestNG.java:178)
]]>
            </full-stacktrace>
          </exception> <!-- org.openqa.selenium.remote.SessionNotFoundException -->
          <reporter-output>
          </reporter-output>
        </test-method> <!-- testCreatedOnOrderIsAscending -->
        <test-method status="PASS" signature="endTime()[pri:0, instance:test.Cases.cpadTestPrograms@35bbe5e8]" name="endTime" is-config="true" duration-ms="3" started-at="2016-02-15T13:13:57Z" finished-at="2016-02-15T13:13:57Z">
          <reporter-output>
          </reporter-output>
        </test-method> <!-- endTime -->
        <test-method status="PASS" signature="closeBrowsers()[pri:0, instance:test.Cases.cpadTestPrograms@35bbe5e8]" name="closeBrowsers" is-config="true" duration-ms="0" started-at="2016-02-15T13:13:57Z" finished-at="2016-02-15T13:13:57Z">
          <reporter-output>
          </reporter-output>
        </test-method> <!-- closeBrowsers -->
        <test-method status="PASS" signature="startTime()[pri:0, instance:test.Cases.cpadTestPrograms@35bbe5e8]" name="startTime" is-config="true" duration-ms="2" started-at="2016-02-15T13:13:57Z" finished-at="2016-02-15T13:13:57Z">
          <reporter-output>
          </reporter-output>
        </test-method> <!-- startTime -->
        <test-method status="FAIL" signature="testCreatedOnOrderIsDescending()[pri:0, instance:test.Cases.cpadTestPrograms@35bbe5e8]" name="testCreatedOnOrderIsDescending" duration-ms="253115" started-at="2016-02-15T13:13:57Z" finished-at="2016-02-15T13:18:10Z">
          <exception class="org.openqa.selenium.remote.SessionNotFoundException">
            <message>
              <![CDATA[Session ID is null. Using WebDriver after calling quit()?
Build info: version: '2.45.0', revision: '32a636c', time: '2015-03-05 22:01:35'
System info: host: 'WIN-K1RO6HNCMPU', ip: '192.168.126.129', os.name: 'Windows 7', os.arch: 'amd64', os.version: '6.1', java.version: '1.8.0_72'
Driver info: driver.version: RemoteWebDriver]]>
            </message>
            <full-stacktrace>
              <![CDATA[org.openqa.selenium.remote.SessionNotFoundException: Session ID is null. Using WebDriver after calling quit()?
Build info: version: '2.45.0', revision: '32a636c', time: '2015-03-05 22:01:35'
System info: host: 'WIN-K1RO6HNCMPU', ip: '192.168.126.129', os.name: 'Windows 7', os.arch: 'amd64', os.version: '6.1', java.version: '1.8.0_72'
Driver info: driver.version: RemoteWebDriver
	at org.openqa.selenium.remote.HttpCommandExecutor.execute(HttpCommandExecutor.java:125)
	at org.openqa.selenium.remote.service.DriverCommandExecutor.execute(DriverCommandExecutor.java:66)
	at org.openqa.selenium.remote.RemoteWebDriver.execute(RemoteWebDriver.java:572)
	at org.openqa.selenium.remote.RemoteWebDriver.execute(RemoteWebDriver.java:622)
	at org.openqa.selenium.remote.RemoteWebDriver.getScreenshotAs(RemoteWebDriver.java:324)
	at test.helper.Functions.getScreenShot(Functions.java:1219)
	at test.helper.Functions.getAssertTrue(Functions.java:1005)
	at test.Cases.cpadTestPrograms.testCreatedOnOrderIsDescending(cpadTestPrograms.java:262)
	at sun.reflect.NativeMethodAccessorImpl.invoke0(Native Method)
	at sun.reflect.NativeMethodAccessorImpl.invoke(NativeMethodAccessorImpl.java:62)
	at sun.reflect.DelegatingMethodAccessorImpl.invoke(DelegatingMethodAccessorImpl.java:43)
	at java.lang.reflect.Method.invoke(Method.java:498)
	at org.testng.internal.MethodInvocationHelper.invokeMethod(MethodInvocationHelper.java:84)
	at org.testng.internal.Invoker.invokeMethod(Invoker.java:714)
	at org.testng.internal.Invoker.invokeTestMethod(Invoker.java:901)
	at org.testng.internal.Invoker.invokeTestMethods(Invoker.java:1231)
	at org.testng.internal.TestMethodWorker.invokeTestMethods(TestMethodWorker.java:127)
	at org.testng.internal.TestMethodWorker.run(TestMethodWorker.java:111)
	at org.testng.TestRunner.privateRun(TestRunner.java:767)
	at org.testng.TestRunner.run(TestRunner.java:617)
	at org.testng.SuiteRunner.runTest(SuiteRunner.java:334)
	at org.testng.SuiteRunner.runSequentially(SuiteRunner.java:329)
	at org.testng.SuiteRunner.privateRun(SuiteRunner.java:291)
	at org.testng.SuiteRunner.run(SuiteRunner.java:240)
	at org.testng.SuiteRunnerWorker.runSuite(SuiteRunnerWorker.java:52)
	at org.testng.SuiteRunnerWorker.run(SuiteRunnerWorker.java:86)
	at org.testng.TestNG.runSuitesSequentially(TestNG.java:1224)
	at org.testng.TestNG.runSuitesLocally(TestNG.java:1149)
	at org.testng.TestNG.run(TestNG.java:1057)
	at org.testng.remote.RemoteTestNG.run(RemoteTestNG.java:115)
	at org.testng.remote.RemoteTestNG.initAndRun(RemoteTestNG.java:207)
	at org.testng.remote.RemoteTestNG.main(RemoteTestNG.java:178)
]]>
            </full-stacktrace>
          </exception> <!-- org.openqa.selenium.remote.SessionNotFoundException -->
          <reporter-output>
          </reporter-output>
        </test-method> <!-- testCreatedOnOrderIsDescending -->
        <test-method status="PASS" signature="endTime()[pri:0, instance:test.Cases.cpadTestPrograms@35bbe5e8]" name="endTime" is-config="true" duration-ms="7" started-at="2016-02-15T13:18:10Z" finished-at="2016-02-15T13:18:10Z">
          <reporter-output>
          </reporter-output>
        </test-method> <!-- endTime -->
        <test-method status="PASS" signature="closeBrowsers()[pri:0, instance:test.Cases.cpadTestPrograms@35bbe5e8]" name="closeBrowsers" is-config="true" duration-ms="0" started-at="2016-02-15T13:18:10Z" finished-at="2016-02-15T13:18:10Z">
          <reporter-output>
          </reporter-output>
        </test-method> <!-- closeBrowsers -->
        <test-method status="PASS" signature="startTime()[pri:0, instance:test.Cases.cpadTestPrograms@35bbe5e8]" name="startTime" is-config="true" duration-ms="2" started-at="2016-02-15T13:18:10Z" finished-at="2016-02-15T13:18:10Z">
          <reporter-output>
          </reporter-output>
        </test-method> <!-- startTime -->
        <test-method status="PASS" signature="testGroupTagIsAdult()[pri:0, instance:test.Cases.cpadTestPrograms@35bbe5e8]" name="testGroupTagIsAdult" duration-ms="1101641" started-at="2016-02-15T13:18:10Z" finished-at="2016-02-15T13:36:32Z">
          <reporter-output>
          </reporter-output>
        </test-method> <!-- testGroupTagIsAdult -->
        <test-method status="PASS" signature="endTime()[pri:0, instance:test.Cases.cpadTestPrograms@35bbe5e8]" name="endTime" is-config="true" duration-ms="10" started-at="2016-02-15T13:36:32Z" finished-at="2016-02-15T13:36:32Z">
          <reporter-output>
          </reporter-output>
        </test-method> <!-- endTime -->
        <test-method status="PASS" signature="closeBrowsers()[pri:0, instance:test.Cases.cpadTestPrograms@35bbe5e8]" name="closeBrowsers" is-config="true" duration-ms="0" started-at="2016-02-15T13:36:32Z" finished-at="2016-02-15T13:36:32Z">
          <reporter-output>
          </reporter-output>
        </test-method> <!-- closeBrowsers -->
        <test-method status="PASS" signature="startTime()[pri:0, instance:test.Cases.cpadTestPrograms@35bbe5e8]" name="startTime" is-config="true" duration-ms="3" started-at="2016-02-15T13:36:32Z" finished-at="2016-02-15T13:36:32Z">
          <reporter-output>
          </reporter-output>
        </test-method> <!-- startTime -->
        <test-method status="PASS" signature="testProgramRecordsMaxNumber()[pri:0, instance:test.Cases.cpadTestPrograms@35bbe5e8]" name="testProgramRecordsMaxNumber" duration-ms="1080055" started-at="2016-02-15T13:36:32Z" finished-at="2016-02-15T13:54:32Z">
          <reporter-output>
          </reporter-output>
        </test-method> <!-- testProgramRecordsMaxNumber -->
        <test-method status="PASS" signature="closeBrowsers()[pri:0, instance:test.Cases.cpadTestPrograms@35bbe5e8]" name="closeBrowsers" is-config="true" duration-ms="0" started-at="2016-02-15T13:54:32Z" finished-at="2016-02-15T13:54:32Z">
          <reporter-output>
          </reporter-output>
        </test-method> <!-- closeBrowsers -->
        <test-method status="PASS" signature="endTime()[pri:0, instance:test.Cases.cpadTestPrograms@35bbe5e8]" name="endTime" is-config="true" duration-ms="5" started-at="2016-02-15T13:54:32Z" finished-at="2016-02-15T13:54:32Z">
          <reporter-output>
          </reporter-output>
        </test-method> <!-- endTime -->
        <test-method status="PASS" signature="startTime()[pri:0, instance:test.Cases.cpadTestPrograms@35bbe5e8]" name="startTime" is-config="true" duration-ms="0" started-at="2016-02-15T13:54:32Z" finished-at="2016-02-15T13:54:32Z">
          <reporter-output>
          </reporter-output>
        </test-method> <!-- startTime -->
        <test-method status="PASS" signature="testSingleProgramTagIsOne()[pri:0, instance:test.Cases.cpadTestPrograms@35bbe5e8]" name="testSingleProgramTagIsOne" duration-ms="1088593" started-at="2016-02-15T13:54:32Z" finished-at="2016-02-15T14:12:41Z">
          <reporter-output>
          </reporter-output>
        </test-method> <!-- testSingleProgramTagIsOne -->
        <test-method status="PASS" signature="closeBrowsers()[pri:0, instance:test.Cases.cpadTestPrograms@35bbe5e8]" name="closeBrowsers" is-config="true" duration-ms="0" started-at="2016-02-15T14:12:41Z" finished-at="2016-02-15T14:12:41Z">
          <reporter-output>
          </reporter-output>
        </test-method> <!-- closeBrowsers -->
        <test-method status="PASS" signature="endTime()[pri:0, instance:test.Cases.cpadTestPrograms@35bbe5e8]" name="endTime" is-config="true" duration-ms="5" started-at="2016-02-15T14:12:41Z" finished-at="2016-02-15T14:12:41Z">
          <reporter-output>
          </reporter-output>
        </test-method> <!-- endTime -->
        <test-method status="PASS" signature="startTime()[pri:0, instance:test.Cases.cpadTestPrograms@35bbe5e8]" name="startTime" is-config="true" duration-ms="5" started-at="2016-02-15T14:12:41Z" finished-at="2016-02-15T14:12:41Z">
          <reporter-output>
          </reporter-output>
        </test-method> <!-- startTime -->
        <test-method status="FAIL" signature="testUpdatedOnOrderIsAscending()[pri:0, instance:test.Cases.cpadTestPrograms@35bbe5e8]" name="testUpdatedOnOrderIsAscending" duration-ms="254385" started-at="2016-02-15T14:12:41Z" finished-at="2016-02-15T14:16:55Z">
          <exception class="org.openqa.selenium.remote.SessionNotFoundException">
            <message>
              <![CDATA[Session ID is null. Using WebDriver after calling quit()?
Build info: version: '2.45.0', revision: '32a636c', time: '2015-03-05 22:01:35'
System info: host: 'WIN-K1RO6HNCMPU', ip: '192.168.126.129', os.name: 'Windows 7', os.arch: 'amd64', os.version: '6.1', java.version: '1.8.0_72'
Driver info: driver.version: RemoteWebDriver]]>
            </message>
            <full-stacktrace>
              <![CDATA[org.openqa.selenium.remote.SessionNotFoundException: Session ID is null. Using WebDriver after calling quit()?
Build info: version: '2.45.0', revision: '32a636c', time: '2015-03-05 22:01:35'
System info: host: 'WIN-K1RO6HNCMPU', ip: '192.168.126.129', os.name: 'Windows 7', os.arch: 'amd64', os.version: '6.1', java.version: '1.8.0_72'
Driver info: driver.version: RemoteWebDriver
	at org.openqa.selenium.remote.HttpCommandExecutor.execute(HttpCommandExecutor.java:125)
	at org.openqa.selenium.remote.service.DriverCommandExecutor.execute(DriverCommandExecutor.java:66)
	at org.openqa.selenium.remote.RemoteWebDriver.execute(RemoteWebDriver.java:572)
	at org.openqa.selenium.remote.RemoteWebDriver.execute(RemoteWebDriver.java:622)
	at org.openqa.selenium.remote.RemoteWebDriver.getScreenshotAs(RemoteWebDriver.java:324)
	at test.helper.Functions.getScreenShot(Functions.java:1219)
	at test.helper.Functions.getAssertTrue(Functions.java:1005)
	at test.Cases.cpadTestPrograms.testUpdatedOnOrderIsAscending(cpadTestPrograms.java:308)
	at sun.reflect.NativeMethodAccessorImpl.invoke0(Native Method)
	at sun.reflect.NativeMethodAccessorImpl.invoke(NativeMethodAccessorImpl.java:62)
	at sun.reflect.DelegatingMethodAccessorImpl.invoke(DelegatingMethodAccessorImpl.java:43)
	at java.lang.reflect.Method.invoke(Method.java:498)
	at org.testng.internal.MethodInvocationHelper.invokeMethod(MethodInvocationHelper.java:84)
	at org.testng.internal.Invoker.invokeMethod(Invoker.java:714)
	at org.testng.internal.Invoker.invokeTestMethod(Invoker.java:901)
	at org.testng.internal.Invoker.invokeTestMethods(Invoker.java:1231)
	at org.testng.internal.TestMethodWorker.invokeTestMethods(TestMethodWorker.java:127)
	at org.testng.internal.TestMethodWorker.run(TestMethodWorker.java:111)
	at org.testng.TestRunner.privateRun(TestRunner.java:767)
	at org.testng.TestRunner.run(TestRunner.java:617)
	at org.testng.SuiteRunner.runTest(SuiteRunner.java:334)
	at org.testng.SuiteRunner.runSequentially(SuiteRunner.java:329)
	at org.testng.SuiteRunner.privateRun(SuiteRunner.java:291)
	at org.testng.SuiteRunner.run(SuiteRunner.java:240)
	at org.testng.SuiteRunnerWorker.runSuite(SuiteRunnerWorker.java:52)
	at org.testng.SuiteRunnerWorker.run(SuiteRunnerWorker.java:86)
	at org.testng.TestNG.runSuitesSequentially(TestNG.java:1224)
	at org.testng.TestNG.runSuitesLocally(TestNG.java:1149)
	at org.testng.TestNG.run(TestNG.java:1057)
	at org.testng.remote.RemoteTestNG.run(RemoteTestNG.java:115)
	at org.testng.remote.RemoteTestNG.initAndRun(RemoteTestNG.java:207)
	at org.testng.remote.RemoteTestNG.main(RemoteTestNG.java:178)
]]>
            </full-stacktrace>
          </exception> <!-- org.openqa.selenium.remote.SessionNotFoundException -->
          <reporter-output>
          </reporter-output>
        </test-method> <!-- testUpdatedOnOrderIsAscending -->
        <test-method status="PASS" signature="endTime()[pri:0, instance:test.Cases.cpadTestPrograms@35bbe5e8]" name="endTime" is-config="true" duration-ms="4" started-at="2016-02-15T14:16:55Z" finished-at="2016-02-15T14:16:55Z">
          <reporter-output>
          </reporter-output>
        </test-method> <!-- endTime -->
        <test-method status="PASS" signature="closeBrowsers()[pri:0, instance:test.Cases.cpadTestPrograms@35bbe5e8]" name="closeBrowsers" is-config="true" duration-ms="0" started-at="2016-02-15T14:16:55Z" finished-at="2016-02-15T14:16:55Z">
          <reporter-output>
          </reporter-output>
        </test-method> <!-- closeBrowsers -->
        <test-method status="PASS" signature="startTime()[pri:0, instance:test.Cases.cpadTestPrograms@35bbe5e8]" name="startTime" is-config="true" duration-ms="3" started-at="2016-02-15T14:16:55Z" finished-at="2016-02-15T14:16:55Z">
          <reporter-output>
          </reporter-output>
        </test-method> <!-- startTime -->
        <test-method status="PASS" signature="testUpdatedOnOrderIsDescending()[pri:0, instance:test.Cases.cpadTestPrograms@35bbe5e8]" name="testUpdatedOnOrderIsDescending" duration-ms="252302" started-at="2016-02-15T14:16:55Z" finished-at="2016-02-15T14:21:07Z">
          <reporter-output>
          </reporter-output>
        </test-method> <!-- testUpdatedOnOrderIsDescending -->
        <test-method status="PASS" signature="endTime()[pri:0, instance:test.Cases.cpadTestPrograms@35bbe5e8]" name="endTime" is-config="true" duration-ms="5" started-at="2016-02-15T14:21:07Z" finished-at="2016-02-15T14:21:07Z">
          <reporter-output>
          </reporter-output>
        </test-method> <!-- endTime -->
        <test-method status="PASS" signature="closeBrowsers()[pri:0, instance:test.Cases.cpadTestPrograms@35bbe5e8]" name="closeBrowsers" is-config="true" duration-ms="0" started-at="2016-02-15T14:21:07Z" finished-at="2016-02-15T14:21:07Z">
          <reporter-output>
          </reporter-output>
        </test-method> <!-- closeBrowsers -->
        <test-method status="PASS" signature="logClose()[pri:0, instance:test.Cases.cpadTestPrograms@35bbe5e8]" name="logClose" is-config="true" duration-ms="34" started-at="2016-02-15T14:32:06Z" finished-at="2016-02-15T14:32:06Z">
          <reporter-output>
          </reporter-output>
        </test-method> <!-- logClose -->
        <test-method status="PASS" signature="logClose()[pri:0, instance:test.Cases.cpadTestVideos@7c75222b]" name="logClose" is-config="true" duration-ms="1" started-at="2016-02-15T14:32:06Z" finished-at="2016-02-15T14:32:06Z">
          <reporter-output>
          </reporter-output>
        </test-method> <!-- logClose -->
      </class> <!-- test.Cases.cpadTestPrograms -->
      <class name="test.Cases.cpadTestVideos">
        <test-method status="PASS" signature="testCreateOnOrderIsDescending()[pri:0, instance:test.Cases.cpadTestVideos@7c75222b]" name="testCreateOnOrderIsDescending" duration-ms="658467" started-at="2016-02-15T14:21:07Z" finished-at="2016-02-15T14:32:06Z">
          <reporter-output>
          </reporter-output>
        </test-method> <!-- testCreateOnOrderIsDescending -->
        <test-method status="PASS" signature="startTime()[pri:0, instance:test.Cases.cpadTestVideos@7c75222b]" name="startTime" is-config="true" duration-ms="0" started-at="2016-02-15T14:21:07Z" finished-at="2016-02-15T14:21:07Z">
          <reporter-output>
          </reporter-output>
        </test-method> <!-- startTime -->
        <test-method status="PASS" signature="endTime()[pri:0, instance:test.Cases.cpadTestVideos@7c75222b]" name="endTime" is-config="true" duration-ms="24" started-at="2016-02-15T14:32:06Z" finished-at="2016-02-15T14:32:06Z">
          <reporter-output>
          </reporter-output>
        </test-method> <!-- endTime -->
        <test-method status="PASS" signature="closeBrowsers()[pri:0, instance:test.Cases.cpadTestVideos@7c75222b]" name="closeBrowsers" is-config="true" duration-ms="0" started-at="2016-02-15T14:32:06Z" finished-at="2016-02-15T14:32:06Z">
          <reporter-output>
          </reporter-output>
        </test-method> <!-- closeBrowsers -->
      </class> <!-- test.Cases.cpadTestVideos -->
    </test> <!-- test-regression -->
  </suite> <!-- test-regression -->
</testng-results>
