<?xml version="1.0" encoding="UTF-8"?>
<testng-results skipped="0" failed="0" total="1" passed="1">
  <reporter-output>
  </reporter-output>
  <suite name="test-single" duration-ms="639953" started-at="2016-02-09T21:29:33Z" finished-at="2016-02-09T21:40:13Z">
    <groups>
    </groups>
    <test name="test-single" duration-ms="639953" started-at="2016-02-09T21:29:33Z" finished-at="2016-02-09T21:40:13Z">
      <class name="test.engine.cpadTestComboURL">
        <test-method status="PASS" signature="logOpen()[pri:0, instance:test.engine.cpadTestComboURL@c818063]" name="logOpen" is-config="true" duration-ms="56" started-at="2016-02-09T16:29:33Z" finished-at="2016-02-09T16:29:33Z">
          <reporter-output>
          </reporter-output>
        </test-method> <!-- logOpen -->
        <test-method status="PASS" signature="startTime()[pri:0, instance:test.engine.cpadTestComboURL@c818063]" name="startTime" is-config="true" duration-ms="10" started-at="2016-02-09T16:29:33Z" finished-at="2016-02-09T16:29:33Z">
          <reporter-output>
          </reporter-output>
        </test-method> <!-- startTime -->
        <test-method status="PASS" signature="testOrder()[pri:0, instance:test.engine.cpadTestComboURL@c818063]" name="testOrder" duration-ms="639920" started-at="2016-02-09T16:29:33Z" finished-at="2016-02-09T16:40:13Z">
          <reporter-output>
          </reporter-output>
        </test-method> <!-- testOrder -->
        <test-method status="PASS" signature="endTime()[pri:0, instance:test.engine.cpadTestComboURL@c818063]" name="endTime" is-config="true" duration-ms="5" started-at="2016-02-09T16:40:13Z" finished-at="2016-02-09T16:40:13Z">
          <reporter-output>
          </reporter-output>
        </test-method> <!-- endTime -->
        <test-method status="PASS" signature="logClose()[pri:0, instance:test.engine.cpadTestComboURL@c818063]" name="logClose" is-config="true" duration-ms="3" started-at="2016-02-09T16:40:13Z" finished-at="2016-02-09T16:40:13Z">
          <reporter-output>
          </reporter-output>
        </test-method> <!-- logClose -->
      </class> <!-- test.engine.cpadTestComboURL -->
    </test> <!-- test-single -->
  </suite> <!-- test-single -->
</testng-results>
