<?xml version="1.0" encoding="UTF-8"?>
<testng-results skipped="0" failed="0" total="1" passed="1">
  <reporter-output>
  </reporter-output>
  <suite name="test-single" duration-ms="1099529" started-at="2016-02-10T19:36:50Z" finished-at="2016-02-10T19:55:09Z">
    <groups>
    </groups>
    <test name="test-single" duration-ms="1099529" started-at="2016-02-10T19:36:50Z" finished-at="2016-02-10T19:55:09Z">
      <class name="test.Cases.cpadTestPrograms">
        <test-method status="PASS" signature="logOpen()[pri:0, instance:test.Cases.cpadTestPrograms@3f0ee7cb]" name="logOpen" is-config="true" duration-ms="58" started-at="2016-02-10T14:36:49Z" finished-at="2016-02-10T14:36:50Z">
          <reporter-output>
          </reporter-output>
        </test-method> <!-- logOpen -->
        <test-method status="PASS" signature="startTime()[pri:0, instance:test.Cases.cpadTestPrograms@3f0ee7cb]" name="startTime" is-config="true" duration-ms="21" started-at="2016-02-10T14:36:50Z" finished-at="2016-02-10T14:36:50Z">
          <reporter-output>
          </reporter-output>
        </test-method> <!-- startTime -->
        <test-method status="PASS" signature="testProgramRecordsMaxNumber()[pri:0, instance:test.Cases.cpadTestPrograms@3f0ee7cb]" name="testProgramRecordsMaxNumber" duration-ms="1099481" started-at="2016-02-10T14:36:50Z" finished-at="2016-02-10T14:55:09Z">
          <reporter-output>
          </reporter-output>
        </test-method> <!-- testProgramRecordsMaxNumber -->
        <test-method status="PASS" signature="endTime()[pri:0, instance:test.Cases.cpadTestPrograms@3f0ee7cb]" name="endTime" is-config="true" duration-ms="5" started-at="2016-02-10T14:55:09Z" finished-at="2016-02-10T14:55:09Z">
          <reporter-output>
          </reporter-output>
        </test-method> <!-- endTime -->
        <test-method status="PASS" signature="closeBrowsers()[pri:0, instance:test.Cases.cpadTestPrograms@3f0ee7cb]" name="closeBrowsers" is-config="true" duration-ms="0" started-at="2016-02-10T14:55:09Z" finished-at="2016-02-10T14:55:09Z">
          <reporter-output>
          </reporter-output>
        </test-method> <!-- closeBrowsers -->
        <test-method status="PASS" signature="logClose()[pri:0, instance:test.Cases.cpadTestPrograms@3f0ee7cb]" name="logClose" is-config="true" duration-ms="2" started-at="2016-02-10T14:55:09Z" finished-at="2016-02-10T14:55:09Z">
          <reporter-output>
          </reporter-output>
        </test-method> <!-- logClose -->
      </class> <!-- test.Cases.cpadTestPrograms -->
    </test> <!-- test-single -->
  </suite> <!-- test-single -->
</testng-results>
