<?xml version="1.0" encoding="UTF-8"?>
<testng-results skipped="0" failed="0" total="28" passed="28">
  <reporter-output>
  </reporter-output>
  <suite name="test-regression" duration-ms="8176195" started-at="2016-02-19T19:13:33Z" finished-at="2016-02-19T21:29:49Z">
    <groups>
    </groups>
    <test name="test-regression" duration-ms="8176195" started-at="2016-02-19T19:13:33Z" finished-at="2016-02-19T21:29:49Z">
      <class name="test.Cases.Java.cpadTestVideos">
        <test-method status="PASS" signature="startTime()[pri:0, instance:test.Cases.Java.cpadTestVideos@7c75222b]" name="startTime" is-config="true" duration-ms="1" started-at="2016-02-19T14:42:19Z" finished-at="2016-02-19T14:42:19Z">
          <reporter-output>
          </reporter-output>
        </test-method> <!-- startTime -->
        <test-method status="PASS" signature="testBornDateOrderIsAscending()[pri:0, instance:test.Cases.Java.cpadTestVideos@7c75222b]" name="testBornDateOrderIsAscending" duration-ms="259875" started-at="2016-02-19T14:42:19Z" finished-at="2016-02-19T14:46:39Z">
          <reporter-output>
          </reporter-output>
        </test-method> <!-- testBornDateOrderIsAscending -->
        <test-method status="PASS" signature="endTime()[pri:0, instance:test.Cases.Java.cpadTestVideos@7c75222b]" name="endTime" is-config="true" duration-ms="2" started-at="2016-02-19T14:46:39Z" finished-at="2016-02-19T14:46:39Z">
          <reporter-output>
          </reporter-output>
        </test-method> <!-- endTime -->
        <test-method status="PASS" signature="startTime()[pri:0, instance:test.Cases.Java.cpadTestVideos@7c75222b]" name="startTime" is-config="true" duration-ms="1" started-at="2016-02-19T14:46:39Z" finished-at="2016-02-19T14:46:39Z">
          <reporter-output>
          </reporter-output>
        </test-method> <!-- startTime -->
        <test-method status="PASS" signature="testBornDateOrderIsDescending()[pri:0, instance:test.Cases.Java.cpadTestVideos@7c75222b]" name="testBornDateOrderIsDescending" duration-ms="264175" started-at="2016-02-19T14:46:39Z" finished-at="2016-02-19T14:51:04Z">
          <reporter-output>
          </reporter-output>
        </test-method> <!-- testBornDateOrderIsDescending -->
        <test-method status="PASS" signature="endTime()[pri:0, instance:test.Cases.Java.cpadTestVideos@7c75222b]" name="endTime" is-config="true" duration-ms="4" started-at="2016-02-19T14:51:04Z" finished-at="2016-02-19T14:51:04Z">
          <reporter-output>
          </reporter-output>
        </test-method> <!-- endTime -->
        <test-method status="PASS" signature="startTime()[pri:0, instance:test.Cases.Java.cpadTestVideos@7c75222b]" name="startTime" is-config="true" duration-ms="2" started-at="2016-02-19T14:51:04Z" finished-at="2016-02-19T14:51:04Z">
          <reporter-output>
          </reporter-output>
        </test-method> <!-- startTime -->
        <test-method status="PASS" signature="testBrightcoveRefIdTagIsCorrect()[pri:0, instance:test.Cases.Java.cpadTestVideos@7c75222b]" name="testBrightcoveRefIdTagIsCorrect" duration-ms="3233" started-at="2016-02-19T14:51:04Z" finished-at="2016-02-19T14:51:07Z">
          <reporter-output>
          </reporter-output>
        </test-method> <!-- testBrightcoveRefIdTagIsCorrect -->
        <test-method status="PASS" signature="endTime()[pri:0, instance:test.Cases.Java.cpadTestVideos@7c75222b]" name="endTime" is-config="true" duration-ms="2" started-at="2016-02-19T14:51:07Z" finished-at="2016-02-19T14:51:07Z">
          <reporter-output>
          </reporter-output>
        </test-method> <!-- endTime -->
        <test-method status="PASS" signature="startTime()[pri:0, instance:test.Cases.Java.cpadTestVideos@7c75222b]" name="startTime" is-config="true" duration-ms="1" started-at="2016-02-19T14:51:07Z" finished-at="2016-02-19T14:51:07Z">
          <reporter-output>
          </reporter-output>
        </test-method> <!-- startTime -->
        <test-method status="PASS" signature="testCreateOnOrderIsAscending()[pri:0, instance:test.Cases.Java.cpadTestVideos@7c75222b]" name="testCreateOnOrderIsAscending" duration-ms="252626" started-at="2016-02-19T14:51:07Z" finished-at="2016-02-19T14:55:19Z">
          <reporter-output>
          </reporter-output>
        </test-method> <!-- testCreateOnOrderIsAscending -->
        <test-method status="PASS" signature="endTime()[pri:0, instance:test.Cases.Java.cpadTestVideos@7c75222b]" name="endTime" is-config="true" duration-ms="4" started-at="2016-02-19T14:55:19Z" finished-at="2016-02-19T14:55:19Z">
          <reporter-output>
          </reporter-output>
        </test-method> <!-- endTime -->
        <test-method status="PASS" signature="startTime()[pri:0, instance:test.Cases.Java.cpadTestVideos@7c75222b]" name="startTime" is-config="true" duration-ms="1" started-at="2016-02-19T14:55:19Z" finished-at="2016-02-19T14:55:19Z">
          <reporter-output>
          </reporter-output>
        </test-method> <!-- startTime -->
        <test-method status="PASS" signature="testCreateOnOrderIsDescending()[pri:0, instance:test.Cases.Java.cpadTestVideos@7c75222b]" name="testCreateOnOrderIsDescending" duration-ms="263307" started-at="2016-02-19T14:55:19Z" finished-at="2016-02-19T14:59:43Z">
          <reporter-output>
          </reporter-output>
        </test-method> <!-- testCreateOnOrderIsDescending -->
        <test-method status="PASS" signature="endTime()[pri:0, instance:test.Cases.Java.cpadTestVideos@7c75222b]" name="endTime" is-config="true" duration-ms="4" started-at="2016-02-19T14:59:43Z" finished-at="2016-02-19T14:59:43Z">
          <reporter-output>
          </reporter-output>
        </test-method> <!-- endTime -->
        <test-method status="PASS" signature="startTime()[pri:0, instance:test.Cases.Java.cpadTestVideos@7c75222b]" name="startTime" is-config="true" duration-ms="4" started-at="2016-02-19T14:59:43Z" finished-at="2016-02-19T14:59:43Z">
          <reporter-output>
          </reporter-output>
        </test-method> <!-- startTime -->
        <test-method status="PASS" signature="testGroupTagIsCorrect()[pri:0, instance:test.Cases.Java.cpadTestVideos@7c75222b]" name="testGroupTagIsCorrect" duration-ms="1091105" started-at="2016-02-19T14:59:43Z" finished-at="2016-02-19T15:17:54Z">
          <reporter-output>
          </reporter-output>
        </test-method> <!-- testGroupTagIsCorrect -->
        <test-method status="PASS" signature="endTime()[pri:0, instance:test.Cases.Java.cpadTestVideos@7c75222b]" name="endTime" is-config="true" duration-ms="3" started-at="2016-02-19T15:17:54Z" finished-at="2016-02-19T15:17:54Z">
          <reporter-output>
          </reporter-output>
        </test-method> <!-- endTime -->
        <test-method status="PASS" signature="startTime()[pri:0, instance:test.Cases.Java.cpadTestVideos@7c75222b]" name="startTime" is-config="true" duration-ms="1" started-at="2016-02-19T15:17:54Z" finished-at="2016-02-19T15:17:54Z">
          <reporter-output>
          </reporter-output>
        </test-method> <!-- startTime -->
        <test-method status="PASS" signature="testIsCaptionedTagIsCorrect()[pri:0, instance:test.Cases.Java.cpadTestVideos@7c75222b]" name="testIsCaptionedTagIsCorrect" duration-ms="16941" started-at="2016-02-19T15:17:54Z" finished-at="2016-02-19T15:18:11Z">
          <reporter-output>
          </reporter-output>
        </test-method> <!-- testIsCaptionedTagIsCorrect -->
        <test-method status="PASS" signature="endTime()[pri:0, instance:test.Cases.Java.cpadTestVideos@7c75222b]" name="endTime" is-config="true" duration-ms="10" started-at="2016-02-19T15:18:11Z" finished-at="2016-02-19T15:18:11Z">
          <reporter-output>
          </reporter-output>
        </test-method> <!-- endTime -->
        <test-method status="PASS" signature="startTime()[pri:0, instance:test.Cases.Java.cpadTestVideos@7c75222b]" name="startTime" is-config="true" duration-ms="3" started-at="2016-02-19T15:18:11Z" finished-at="2016-02-19T15:18:11Z">
          <reporter-output>
          </reporter-output>
        </test-method> <!-- startTime -->
        <test-method status="PASS" signature="testKillDateOrderIsAscending()[pri:0, instance:test.Cases.Java.cpadTestVideos@7c75222b]" name="testKillDateOrderIsAscending" duration-ms="253436" started-at="2016-02-19T15:18:11Z" finished-at="2016-02-19T15:22:24Z">
          <reporter-output>
          </reporter-output>
        </test-method> <!-- testKillDateOrderIsAscending -->
        <test-method status="PASS" signature="endTime()[pri:0, instance:test.Cases.Java.cpadTestVideos@7c75222b]" name="endTime" is-config="true" duration-ms="3" started-at="2016-02-19T15:22:24Z" finished-at="2016-02-19T15:22:24Z">
          <reporter-output>
          </reporter-output>
        </test-method> <!-- endTime -->
        <test-method status="PASS" signature="startTime()[pri:0, instance:test.Cases.Java.cpadTestVideos@7c75222b]" name="startTime" is-config="true" duration-ms="2" started-at="2016-02-19T15:22:24Z" finished-at="2016-02-19T15:22:24Z">
          <reporter-output>
          </reporter-output>
        </test-method> <!-- startTime -->
        <test-method status="PASS" signature="testKillDateOrderIsDescending()[pri:0, instance:test.Cases.Java.cpadTestVideos@7c75222b]" name="testKillDateOrderIsDescending" duration-ms="255379" started-at="2016-02-19T15:22:24Z" finished-at="2016-02-19T15:26:40Z">
          <reporter-output>
          </reporter-output>
        </test-method> <!-- testKillDateOrderIsDescending -->
        <test-method status="PASS" signature="endTime()[pri:0, instance:test.Cases.Java.cpadTestVideos@7c75222b]" name="endTime" is-config="true" duration-ms="7" started-at="2016-02-19T15:26:40Z" finished-at="2016-02-19T15:26:40Z">
          <reporter-output>
          </reporter-output>
        </test-method> <!-- endTime -->
        <test-method status="PASS" signature="startTime()[pri:0, instance:test.Cases.Java.cpadTestVideos@7c75222b]" name="startTime" is-config="true" duration-ms="3" started-at="2016-02-19T15:26:40Z" finished-at="2016-02-19T15:26:40Z">
          <reporter-output>
          </reporter-output>
        </test-method> <!-- startTime -->
        <test-method status="PASS" signature="testProgramAssetIdTagIsCorrect()[pri:0, instance:test.Cases.Java.cpadTestVideos@7c75222b]" name="testProgramAssetIdTagIsCorrect" duration-ms="1096932" started-at="2016-02-19T15:26:40Z" finished-at="2016-02-19T15:44:57Z">
          <reporter-output>
          </reporter-output>
        </test-method> <!-- testProgramAssetIdTagIsCorrect -->
        <test-method status="PASS" signature="endTime()[pri:0, instance:test.Cases.Java.cpadTestVideos@7c75222b]" name="endTime" is-config="true" duration-ms="2" started-at="2016-02-19T15:44:57Z" finished-at="2016-02-19T15:44:57Z">
          <reporter-output>
          </reporter-output>
        </test-method> <!-- endTime -->
        <test-method status="PASS" signature="testRecordIdTagIsCorrect()[pri:0, instance:test.Cases.Java.cpadTestVideos@7c75222b]" name="testRecordIdTagIsCorrect" duration-ms="3450" started-at="2016-02-19T15:44:57Z" finished-at="2016-02-19T15:45:00Z">
          <reporter-output>
          </reporter-output>
        </test-method> <!-- testRecordIdTagIsCorrect -->
        <test-method status="PASS" signature="startTime()[pri:0, instance:test.Cases.Java.cpadTestVideos@7c75222b]" name="startTime" is-config="true" duration-ms="0" started-at="2016-02-19T15:44:57Z" finished-at="2016-02-19T15:44:57Z">
          <reporter-output>
          </reporter-output>
        </test-method> <!-- startTime -->
        <test-method status="PASS" signature="endTime()[pri:0, instance:test.Cases.Java.cpadTestVideos@7c75222b]" name="endTime" is-config="true" duration-ms="6" started-at="2016-02-19T15:45:00Z" finished-at="2016-02-19T15:45:00Z">
          <reporter-output>
          </reporter-output>
        </test-method> <!-- endTime -->
        <test-method status="PASS" signature="startTime()[pri:0, instance:test.Cases.Java.cpadTestVideos@7c75222b]" name="startTime" is-config="true" duration-ms="20" started-at="2016-02-19T15:45:00Z" finished-at="2016-02-19T15:45:00Z">
          <reporter-output>
          </reporter-output>
        </test-method> <!-- startTime -->
        <test-method status="PASS" signature="testTitleTagIsCorrect()[pri:0, instance:test.Cases.Java.cpadTestVideos@7c75222b]" name="testTitleTagIsCorrect" duration-ms="1062021" started-at="2016-02-19T15:45:00Z" finished-at="2016-02-19T16:02:42Z">
          <reporter-output>
          </reporter-output>
        </test-method> <!-- testTitleTagIsCorrect -->
        <test-method status="PASS" signature="endTime()[pri:0, instance:test.Cases.Java.cpadTestVideos@7c75222b]" name="endTime" is-config="true" duration-ms="3" started-at="2016-02-19T16:02:42Z" finished-at="2016-02-19T16:02:42Z">
          <reporter-output>
          </reporter-output>
        </test-method> <!-- endTime -->
        <test-method status="PASS" signature="startTime()[pri:0, instance:test.Cases.Java.cpadTestVideos@7c75222b]" name="startTime" is-config="true" duration-ms="2" started-at="2016-02-19T16:02:42Z" finished-at="2016-02-19T16:02:42Z">
          <reporter-output>
          </reporter-output>
        </test-method> <!-- startTime -->
        <test-method status="PASS" signature="testUpdatedOnOrderIsAscending()[pri:0, instance:test.Cases.Java.cpadTestVideos@7c75222b]" name="testUpdatedOnOrderIsAscending" duration-ms="257436" started-at="2016-02-19T16:02:42Z" finished-at="2016-02-19T16:07:00Z">
          <reporter-output>
          </reporter-output>
        </test-method> <!-- testUpdatedOnOrderIsAscending -->
        <test-method status="PASS" signature="endTime()[pri:0, instance:test.Cases.Java.cpadTestVideos@7c75222b]" name="endTime" is-config="true" duration-ms="5" started-at="2016-02-19T16:07:00Z" finished-at="2016-02-19T16:07:00Z">
          <reporter-output>
          </reporter-output>
        </test-method> <!-- endTime -->
        <test-method status="PASS" signature="startTime()[pri:0, instance:test.Cases.Java.cpadTestVideos@7c75222b]" name="startTime" is-config="true" duration-ms="3" started-at="2016-02-19T16:07:00Z" finished-at="2016-02-19T16:07:00Z">
          <reporter-output>
          </reporter-output>
        </test-method> <!-- startTime -->
        <test-method status="PASS" signature="testUpdatedOnOrderIsDescending()[pri:0, instance:test.Cases.Java.cpadTestVideos@7c75222b]" name="testUpdatedOnOrderIsDescending" duration-ms="257875" started-at="2016-02-19T16:07:00Z" finished-at="2016-02-19T16:11:18Z">
          <reporter-output>
          </reporter-output>
        </test-method> <!-- testUpdatedOnOrderIsDescending -->
        <test-method status="PASS" signature="endTime()[pri:0, instance:test.Cases.Java.cpadTestVideos@7c75222b]" name="endTime" is-config="true" duration-ms="4" started-at="2016-02-19T16:11:18Z" finished-at="2016-02-19T16:11:18Z">
          <reporter-output>
          </reporter-output>
        </test-method> <!-- endTime -->
        <test-method status="PASS" signature="startTime()[pri:0, instance:test.Cases.Java.cpadTestVideos@7c75222b]" name="startTime" is-config="true" duration-ms="3" started-at="2016-02-19T16:11:18Z" finished-at="2016-02-19T16:11:18Z">
          <reporter-output>
          </reporter-output>
        </test-method> <!-- startTime -->
        <test-method status="PASS" signature="testVideoAssetIdTagIsCorrect()[pri:0, instance:test.Cases.Java.cpadTestVideos@7c75222b]" name="testVideoAssetIdTagIsCorrect" duration-ms="3420" started-at="2016-02-19T16:11:18Z" finished-at="2016-02-19T16:11:21Z">
          <reporter-output>
          </reporter-output>
        </test-method> <!-- testVideoAssetIdTagIsCorrect -->
        <test-method status="PASS" signature="endTime()[pri:0, instance:test.Cases.Java.cpadTestVideos@7c75222b]" name="endTime" is-config="true" duration-ms="3" started-at="2016-02-19T16:11:21Z" finished-at="2016-02-19T16:11:21Z">
          <reporter-output>
          </reporter-output>
        </test-method> <!-- endTime -->
        <test-method status="PASS" signature="startTime()[pri:0, instance:test.Cases.Java.cpadTestVideos@7c75222b]" name="startTime" is-config="true" duration-ms="4" started-at="2016-02-19T16:11:21Z" finished-at="2016-02-19T16:11:21Z">
          <reporter-output>
          </reporter-output>
        </test-method> <!-- startTime -->
        <test-method status="PASS" signature="testVideoRecordsMaxNumber()[pri:0, instance:test.Cases.Java.cpadTestVideos@7c75222b]" name="testVideoRecordsMaxNumber" duration-ms="1107822" started-at="2016-02-19T16:11:21Z" finished-at="2016-02-19T16:29:49Z">
          <reporter-output>
          </reporter-output>
        </test-method> <!-- testVideoRecordsMaxNumber -->
        <test-method status="PASS" signature="endTime()[pri:0, instance:test.Cases.Java.cpadTestVideos@7c75222b]" name="endTime" is-config="true" duration-ms="7" started-at="2016-02-19T16:29:49Z" finished-at="2016-02-19T16:29:49Z">
          <reporter-output>
          </reporter-output>
        </test-method> <!-- endTime -->
      </class> <!-- test.Cases.Java.cpadTestVideos -->
      <class name="test.Cases.Java.cpadTestPrograms">
        <test-method status="PASS" signature="logOpen()[pri:0, instance:test.Cases.Java.cpadTestPrograms@2c8d66b2]" name="logOpen" is-config="true" duration-ms="41" started-at="2016-02-19T14:13:33Z" finished-at="2016-02-19T14:13:33Z">
          <reporter-output>
          </reporter-output>
        </test-method> <!-- logOpen -->
        <test-method status="PASS" signature="logOpen()[pri:0, instance:test.Cases.Java.cpadTestVideos@7c75222b]" name="logOpen" is-config="true" duration-ms="3" started-at="2016-02-19T14:13:33Z" finished-at="2016-02-19T14:13:33Z">
          <reporter-output>
          </reporter-output>
        </test-method> <!-- logOpen -->
        <test-method status="PASS" signature="startTime()[pri:0, instance:test.Cases.Java.cpadTestPrograms@2c8d66b2]" name="startTime" is-config="true" duration-ms="68" started-at="2016-02-19T14:13:33Z" finished-at="2016-02-19T14:13:33Z">
          <reporter-output>
          </reporter-output>
        </test-method> <!-- startTime -->
        <test-method status="PASS" signature="testCreatedOnOrderIsAscending()[pri:0, instance:test.Cases.Java.cpadTestPrograms@2c8d66b2]" name="testCreatedOnOrderIsAscending" duration-ms="45639" started-at="2016-02-19T14:13:33Z" finished-at="2016-02-19T14:14:19Z">
          <reporter-output>
          </reporter-output>
        </test-method> <!-- testCreatedOnOrderIsAscending -->
        <test-method status="PASS" signature="endTime()[pri:0, instance:test.Cases.Java.cpadTestPrograms@2c8d66b2]" name="endTime" is-config="true" duration-ms="3" started-at="2016-02-19T14:14:19Z" finished-at="2016-02-19T14:14:19Z">
          <reporter-output>
          </reporter-output>
        </test-method> <!-- endTime -->
        <test-method status="PASS" signature="startTime()[pri:0, instance:test.Cases.Java.cpadTestPrograms@2c8d66b2]" name="startTime" is-config="true" duration-ms="2" started-at="2016-02-19T14:14:19Z" finished-at="2016-02-19T14:14:19Z">
          <reporter-output>
          </reporter-output>
        </test-method> <!-- startTime -->
        <test-method status="PASS" signature="testCreatedOnOrderIsDescending()[pri:0, instance:test.Cases.Java.cpadTestPrograms@2c8d66b2]" name="testCreatedOnOrderIsDescending" duration-ms="44619" started-at="2016-02-19T14:14:19Z" finished-at="2016-02-19T14:15:03Z">
          <reporter-output>
          </reporter-output>
        </test-method> <!-- testCreatedOnOrderIsDescending -->
        <test-method status="PASS" signature="endTime()[pri:0, instance:test.Cases.Java.cpadTestPrograms@2c8d66b2]" name="endTime" is-config="true" duration-ms="9" started-at="2016-02-19T14:15:03Z" finished-at="2016-02-19T14:15:03Z">
          <reporter-output>
          </reporter-output>
        </test-method> <!-- endTime -->
        <test-method status="PASS" signature="startTime()[pri:0, instance:test.Cases.Java.cpadTestPrograms@2c8d66b2]" name="startTime" is-config="true" duration-ms="4" started-at="2016-02-19T14:15:03Z" finished-at="2016-02-19T14:15:03Z">
          <reporter-output>
          </reporter-output>
        </test-method> <!-- startTime -->
        <test-method status="PASS" signature="testGroupTagIsCorrect()[pri:0, instance:test.Cases.Java.cpadTestPrograms@2c8d66b2]" name="testGroupTagIsCorrect" duration-ms="193529" started-at="2016-02-19T14:15:03Z" finished-at="2016-02-19T14:18:17Z">
          <reporter-output>
          </reporter-output>
        </test-method> <!-- testGroupTagIsCorrect -->
        <test-method status="PASS" signature="endTime()[pri:0, instance:test.Cases.Java.cpadTestPrograms@2c8d66b2]" name="endTime" is-config="true" duration-ms="7" started-at="2016-02-19T14:18:17Z" finished-at="2016-02-19T14:18:17Z">
          <reporter-output>
          </reporter-output>
        </test-method> <!-- endTime -->
        <test-method status="PASS" signature="startTime()[pri:0, instance:test.Cases.Java.cpadTestPrograms@2c8d66b2]" name="startTime" is-config="true" duration-ms="5" started-at="2016-02-19T14:18:17Z" finished-at="2016-02-19T14:18:17Z">
          <reporter-output>
          </reporter-output>
        </test-method> <!-- startTime -->
        <test-method status="PASS" signature="testProgramAssetIdTagIsCorrect()[pri:0, instance:test.Cases.Java.cpadTestPrograms@2c8d66b2]" name="testProgramAssetIdTagIsCorrect" duration-ms="2756" started-at="2016-02-19T14:18:17Z" finished-at="2016-02-19T14:18:19Z">
          <reporter-output>
          </reporter-output>
        </test-method> <!-- testProgramAssetIdTagIsCorrect -->
        <test-method status="PASS" signature="endTime()[pri:0, instance:test.Cases.Java.cpadTestPrograms@2c8d66b2]" name="endTime" is-config="true" duration-ms="3" started-at="2016-02-19T14:18:20Z" finished-at="2016-02-19T14:18:20Z">
          <reporter-output>
          </reporter-output>
        </test-method> <!-- endTime -->
        <test-method status="PASS" signature="startTime()[pri:0, instance:test.Cases.Java.cpadTestPrograms@2c8d66b2]" name="startTime" is-config="true" duration-ms="1" started-at="2016-02-19T14:18:20Z" finished-at="2016-02-19T14:18:20Z">
          <reporter-output>
          </reporter-output>
        </test-method> <!-- startTime -->
        <test-method status="PASS" signature="testProgramRecordsMaxNumber()[pri:0, instance:test.Cases.Java.cpadTestPrograms@2c8d66b2]" name="testProgramRecordsMaxNumber" duration-ms="192571" started-at="2016-02-19T14:18:20Z" finished-at="2016-02-19T14:21:32Z">
          <reporter-output>
          </reporter-output>
        </test-method> <!-- testProgramRecordsMaxNumber -->
        <test-method status="PASS" signature="endTime()[pri:0, instance:test.Cases.Java.cpadTestPrograms@2c8d66b2]" name="endTime" is-config="true" duration-ms="3" started-at="2016-02-19T14:21:32Z" finished-at="2016-02-19T14:21:32Z">
          <reporter-output>
          </reporter-output>
        </test-method> <!-- endTime -->
        <test-method status="PASS" signature="startTime()[pri:0, instance:test.Cases.Java.cpadTestPrograms@2c8d66b2]" name="startTime" is-config="true" duration-ms="18" started-at="2016-02-19T14:21:32Z" finished-at="2016-02-19T14:21:32Z">
          <reporter-output>
          </reporter-output>
        </test-method> <!-- startTime -->
        <test-method status="PASS" signature="testRecordIdTagIsCorrect()[pri:0, instance:test.Cases.Java.cpadTestPrograms@2c8d66b2]" name="testRecordIdTagIsCorrect" duration-ms="2594" started-at="2016-02-19T14:21:32Z" finished-at="2016-02-19T14:21:35Z">
          <reporter-output>
          </reporter-output>
        </test-method> <!-- testRecordIdTagIsCorrect -->
        <test-method status="PASS" signature="endTime()[pri:0, instance:test.Cases.Java.cpadTestPrograms@2c8d66b2]" name="endTime" is-config="true" duration-ms="2" started-at="2016-02-19T14:21:35Z" finished-at="2016-02-19T14:21:35Z">
          <reporter-output>
          </reporter-output>
        </test-method> <!-- endTime -->
        <test-method status="PASS" signature="startTime()[pri:0, instance:test.Cases.Java.cpadTestPrograms@2c8d66b2]" name="startTime" is-config="true" duration-ms="2" started-at="2016-02-19T14:21:35Z" finished-at="2016-02-19T14:21:35Z">
          <reporter-output>
          </reporter-output>
        </test-method> <!-- startTime -->
        <test-method status="PASS" signature="testSingleProgramTagIsCorrect()[pri:0, instance:test.Cases.Java.cpadTestPrograms@2c8d66b2]" name="testSingleProgramTagIsCorrect" duration-ms="193547" started-at="2016-02-19T14:21:35Z" finished-at="2016-02-19T14:24:48Z">
          <reporter-output>
          </reporter-output>
        </test-method> <!-- testSingleProgramTagIsCorrect -->
        <test-method status="PASS" signature="endTime()[pri:0, instance:test.Cases.Java.cpadTestPrograms@2c8d66b2]" name="endTime" is-config="true" duration-ms="2" started-at="2016-02-19T14:24:48Z" finished-at="2016-02-19T14:24:48Z">
          <reporter-output>
          </reporter-output>
        </test-method> <!-- endTime -->
        <test-method status="PASS" signature="startTime()[pri:0, instance:test.Cases.Java.cpadTestPrograms@2c8d66b2]" name="startTime" is-config="true" duration-ms="2" started-at="2016-02-19T14:24:48Z" finished-at="2016-02-19T14:24:48Z">
          <reporter-output>
          </reporter-output>
        </test-method> <!-- startTime -->
        <test-method status="PASS" signature="testTitleTagIsCorrect()[pri:0, instance:test.Cases.Java.cpadTestPrograms@2c8d66b2]" name="testTitleTagIsCorrect" duration-ms="945244" started-at="2016-02-19T14:24:48Z" finished-at="2016-02-19T14:40:34Z">
          <reporter-output>
          </reporter-output>
        </test-method> <!-- testTitleTagIsCorrect -->
        <test-method status="PASS" signature="endTime()[pri:0, instance:test.Cases.Java.cpadTestPrograms@2c8d66b2]" name="endTime" is-config="true" duration-ms="3" started-at="2016-02-19T14:40:34Z" finished-at="2016-02-19T14:40:34Z">
          <reporter-output>
          </reporter-output>
        </test-method> <!-- endTime -->
        <test-method status="PASS" signature="startTime()[pri:0, instance:test.Cases.Java.cpadTestPrograms@2c8d66b2]" name="startTime" is-config="true" duration-ms="2" started-at="2016-02-19T14:40:34Z" finished-at="2016-02-19T14:40:34Z">
          <reporter-output>
          </reporter-output>
        </test-method> <!-- startTime -->
        <test-method status="PASS" signature="testUpdatedOnOrderIsAscending()[pri:0, instance:test.Cases.Java.cpadTestPrograms@2c8d66b2]" name="testUpdatedOnOrderIsAscending" duration-ms="51570" started-at="2016-02-19T14:40:34Z" finished-at="2016-02-19T14:41:25Z">
          <reporter-output>
          </reporter-output>
        </test-method> <!-- testUpdatedOnOrderIsAscending -->
        <test-method status="PASS" signature="endTime()[pri:0, instance:test.Cases.Java.cpadTestPrograms@2c8d66b2]" name="endTime" is-config="true" duration-ms="2" started-at="2016-02-19T14:41:25Z" finished-at="2016-02-19T14:41:25Z">
          <reporter-output>
          </reporter-output>
        </test-method> <!-- endTime -->
        <test-method status="PASS" signature="startTime()[pri:0, instance:test.Cases.Java.cpadTestPrograms@2c8d66b2]" name="startTime" is-config="true" duration-ms="1" started-at="2016-02-19T14:41:25Z" finished-at="2016-02-19T14:41:25Z">
          <reporter-output>
          </reporter-output>
        </test-method> <!-- startTime -->
        <test-method status="PASS" signature="testUpdatedOnOrderIsDescending()[pri:0, instance:test.Cases.Java.cpadTestPrograms@2c8d66b2]" name="testUpdatedOnOrderIsDescending" duration-ms="48785" started-at="2016-02-19T14:41:25Z" finished-at="2016-02-19T14:42:14Z">
          <reporter-output>
          </reporter-output>
        </test-method> <!-- testUpdatedOnOrderIsDescending -->
        <test-method status="PASS" signature="endTime()[pri:0, instance:test.Cases.Java.cpadTestPrograms@2c8d66b2]" name="endTime" is-config="true" duration-ms="5" started-at="2016-02-19T14:42:14Z" finished-at="2016-02-19T14:42:14Z">
          <reporter-output>
          </reporter-output>
        </test-method> <!-- endTime -->
        <test-method status="PASS" signature="startTime()[pri:0, instance:test.Cases.Java.cpadTestPrograms@2c8d66b2]" name="startTime" is-config="true" duration-ms="1" started-at="2016-02-19T14:42:14Z" finished-at="2016-02-19T14:42:14Z">
          <reporter-output>
          </reporter-output>
        </test-method> <!-- startTime -->
        <test-method status="PASS" signature="testUpdatedOnTagIsBetween()[pri:0, instance:test.Cases.Java.cpadTestPrograms@2c8d66b2]" name="testUpdatedOnTagIsBetween" duration-ms="2729" started-at="2016-02-19T14:42:14Z" finished-at="2016-02-19T14:42:17Z">
          <reporter-output>
          </reporter-output>
        </test-method> <!-- testUpdatedOnTagIsBetween -->
        <test-method status="PASS" signature="endTime()[pri:0, instance:test.Cases.Java.cpadTestPrograms@2c8d66b2]" name="endTime" is-config="true" duration-ms="3" started-at="2016-02-19T14:42:17Z" finished-at="2016-02-19T14:42:17Z">
          <reporter-output>
          </reporter-output>
        </test-method> <!-- endTime -->
        <test-method status="PASS" signature="startTime()[pri:0, instance:test.Cases.Java.cpadTestPrograms@2c8d66b2]" name="startTime" is-config="true" duration-ms="3" started-at="2016-02-19T14:42:17Z" finished-at="2016-02-19T14:42:17Z">
          <reporter-output>
          </reporter-output>
        </test-method> <!-- startTime -->
        <test-method status="PASS" signature="testUpdatedOnTagIsFiltered()[pri:0, instance:test.Cases.Java.cpadTestPrograms@2c8d66b2]" name="testUpdatedOnTagIsFiltered" duration-ms="2770" started-at="2016-02-19T14:42:17Z" finished-at="2016-02-19T14:42:19Z">
          <reporter-output>
          </reporter-output>
        </test-method> <!-- testUpdatedOnTagIsFiltered -->
        <test-method status="PASS" signature="endTime()[pri:0, instance:test.Cases.Java.cpadTestPrograms@2c8d66b2]" name="endTime" is-config="true" duration-ms="3" started-at="2016-02-19T14:42:19Z" finished-at="2016-02-19T14:42:19Z">
          <reporter-output>
          </reporter-output>
        </test-method> <!-- endTime -->
        <test-method status="PASS" signature="logClose()[pri:0, instance:test.Cases.Java.cpadTestPrograms@2c8d66b2]" name="logClose" is-config="true" duration-ms="2" started-at="2016-02-19T16:29:49Z" finished-at="2016-02-19T16:29:49Z">
          <reporter-output>
          </reporter-output>
        </test-method> <!-- logClose -->
        <test-method status="PASS" signature="logClose()[pri:0, instance:test.Cases.Java.cpadTestVideos@7c75222b]" name="logClose" is-config="true" duration-ms="1" started-at="2016-02-19T16:29:49Z" finished-at="2016-02-19T16:29:49Z">
          <reporter-output>
          </reporter-output>
        </test-method> <!-- logClose -->
      </class> <!-- test.Cases.Java.cpadTestPrograms -->
    </test> <!-- test-regression -->
  </suite> <!-- test-regression -->
</testng-results>
