<?xml version="1.0" encoding="UTF-8"?>
<testng-results skipped="0" failed="0" total="2" passed="2">
  <reporter-output>
  </reporter-output>
  <suite name="test-single" duration-ms="1282538" started-at="2016-02-04T20:33:11Z" finished-at="2016-02-04T20:54:34Z">
    <groups>
    </groups>
    <test name="test-single" duration-ms="1282538" started-at="2016-02-04T20:33:11Z" finished-at="2016-02-04T20:54:34Z">
      <class name="test.engine.cpadTestExtEvaluation">
        <test-method status="PASS" signature="logOpen()[pri:0, instance:test.engine.cpadTestExtEvaluation@19bb089b]" name="logOpen" is-config="true" duration-ms="50" started-at="2016-02-04T15:33:11Z" finished-at="2016-02-04T15:33:11Z">
          <reporter-output>
          </reporter-output>
        </test-method> <!-- logOpen -->
        <test-method status="PASS" signature="startTime()[pri:0, instance:test.engine.cpadTestExtEvaluation@19bb089b]" name="startTime" is-config="true" duration-ms="27" started-at="2016-02-04T15:33:11Z" finished-at="2016-02-04T15:33:11Z">
          <reporter-output>
          </reporter-output>
        </test-method> <!-- startTime -->
        <test-method status="PASS" signature="testOrder()[pri:0, instance:test.engine.cpadTestExtEvaluation@19bb089b]" name="testOrder" duration-ms="639748" started-at="2016-02-04T15:33:11Z" finished-at="2016-02-04T15:43:51Z">
          <reporter-output>
          </reporter-output>
        </test-method> <!-- testOrder -->
        <test-method status="PASS" signature="endTime()[pri:0, instance:test.engine.cpadTestExtEvaluation@19bb089b]" name="endTime" is-config="true" duration-ms="2" started-at="2016-02-04T15:43:51Z" finished-at="2016-02-04T15:43:51Z">
          <reporter-output>
          </reporter-output>
        </test-method> <!-- endTime -->
        <test-method status="PASS" signature="startTime()[pri:0, instance:test.engine.cpadTestExtEvaluation@19bb089b]" name="startTime" is-config="true" duration-ms="1" started-at="2016-02-04T15:43:51Z" finished-at="2016-02-04T15:43:51Z">
          <reporter-output>
          </reporter-output>
        </test-method> <!-- startTime -->
        <test-method status="PASS" signature="testOrder()[pri:0, instance:test.engine.cpadTestExtEvaluation@19bb089b]" name="testOrder" duration-ms="642719" started-at="2016-02-04T15:43:51Z" finished-at="2016-02-04T15:54:34Z">
          <reporter-output>
          </reporter-output>
        </test-method> <!-- testOrder -->
        <test-method status="PASS" signature="endTime()[pri:0, instance:test.engine.cpadTestExtEvaluation@19bb089b]" name="endTime" is-config="true" duration-ms="7" started-at="2016-02-04T15:54:34Z" finished-at="2016-02-04T15:54:34Z">
          <reporter-output>
          </reporter-output>
        </test-method> <!-- endTime -->
        <test-method status="PASS" signature="logClose()[pri:0, instance:test.engine.cpadTestExtEvaluation@19bb089b]" name="logClose" is-config="true" duration-ms="5" started-at="2016-02-04T15:54:34Z" finished-at="2016-02-04T15:54:34Z">
          <reporter-output>
          </reporter-output>
        </test-method> <!-- logClose -->
      </class> <!-- test.engine.cpadTestExtEvaluation -->
    </test> <!-- test-single -->
  </suite> <!-- test-single -->
</testng-results>
