<?xml version="1.0" encoding="UTF-8"?>
<testng-results skipped="0" failed="1" total="1" passed="0">
  <reporter-output>
  </reporter-output>
  <suite name="Default suite" duration-ms="154486" started-at="2016-02-01T22:16:49Z" finished-at="2016-02-01T22:19:23Z">
    <groups>
    </groups>
    <test name="Default test" duration-ms="154486" started-at="2016-02-01T22:16:49Z" finished-at="2016-02-01T22:19:23Z">
      <class name="test.engine.cpadTester">
        <test-method status="PASS" signature="logOpen()[pri:0, instance:test.engine.cpadTester@1851384]" name="logOpen" is-config="true" duration-ms="130" started-at="2016-02-01T17:16:48Z" finished-at="2016-02-01T17:16:49Z">
          <reporter-output>
          </reporter-output>
        </test-method> <!-- logOpen -->
        <test-method status="PASS" signature="startTime()[pri:0, instance:test.engine.cpadTester@1851384]" name="startTime" is-config="true" duration-ms="50" started-at="2016-02-01T17:16:49Z" finished-at="2016-02-01T17:16:49Z">
          <reporter-output>
          </reporter-output>
        </test-method> <!-- startTime -->
        <test-method status="FAIL" signature="testOrder()[pri:0, instance:test.engine.cpadTester@1851384]" name="testOrder" duration-ms="154371" started-at="2016-02-01T17:16:49Z" finished-at="2016-02-01T17:19:23Z">
          <exception class="java.lang.AssertionError">
            <message>
              <![CDATA[    Result: FAILED
 expected [true] but found [false]]]>
            </message>
            <full-stacktrace>
              <![CDATA[java.lang.AssertionError:     Result: FAILED
 expected [true] but found [false]
	at org.testng.Assert.fail(Assert.java:94)
	at org.testng.Assert.failNotEquals(Assert.java:494)
	at org.testng.Assert.assertTrue(Assert.java:42)
	at test.engine.cpadTester.testOrder(cpadTester.java:128)
	at sun.reflect.NativeMethodAccessorImpl.invoke0(Native Method)
	at sun.reflect.NativeMethodAccessorImpl.invoke(Unknown Source)
	at sun.reflect.DelegatingMethodAccessorImpl.invoke(Unknown Source)
	at java.lang.reflect.Method.invoke(Unknown Source)
	at org.testng.internal.MethodInvocationHelper.invokeMethod(MethodInvocationHelper.java:84)
	at org.testng.internal.Invoker.invokeMethod(Invoker.java:714)
	at org.testng.internal.Invoker.invokeTestMethod(Invoker.java:901)
	at org.testng.internal.Invoker.invokeTestMethods(Invoker.java:1231)
	at org.testng.internal.TestMethodWorker.invokeTestMethods(TestMethodWorker.java:127)
	at org.testng.internal.TestMethodWorker.run(TestMethodWorker.java:111)
	at org.testng.TestRunner.privateRun(TestRunner.java:767)
	at org.testng.TestRunner.run(TestRunner.java:617)
	at org.testng.SuiteRunner.runTest(SuiteRunner.java:334)
	at org.testng.SuiteRunner.runSequentially(SuiteRunner.java:329)
	at org.testng.SuiteRunner.privateRun(SuiteRunner.java:291)
	at org.testng.SuiteRunner.run(SuiteRunner.java:240)
	at org.testng.SuiteRunnerWorker.runSuite(SuiteRunnerWorker.java:52)
	at org.testng.SuiteRunnerWorker.run(SuiteRunnerWorker.java:86)
	at org.testng.TestNG.runSuitesSequentially(TestNG.java:1224)
	at org.testng.TestNG.runSuitesLocally(TestNG.java:1149)
	at org.testng.TestNG.run(TestNG.java:1057)
	at org.testng.remote.RemoteTestNG.run(RemoteTestNG.java:111)
	at org.testng.remote.RemoteTestNG.initAndRun(RemoteTestNG.java:204)
	at org.testng.remote.RemoteTestNG.main(RemoteTestNG.java:175)
]]>
            </full-stacktrace>
          </exception> <!-- java.lang.AssertionError -->
          <reporter-output>
          </reporter-output>
        </test-method> <!-- testOrder -->
        <test-method status="PASS" signature="endTime()[pri:0, instance:test.engine.cpadTester@1851384]" name="endTime" is-config="true" duration-ms="20" started-at="2016-02-01T17:19:23Z" finished-at="2016-02-01T17:19:23Z">
          <reporter-output>
          </reporter-output>
        </test-method> <!-- endTime -->
        <test-method status="PASS" signature="logClose()[pri:0, instance:test.engine.cpadTester@1851384]" name="logClose" is-config="true" duration-ms="15" started-at="2016-02-01T17:19:23Z" finished-at="2016-02-01T17:19:23Z">
          <reporter-output>
          </reporter-output>
        </test-method> <!-- logClose -->
      </class> <!-- test.engine.cpadTester -->
    </test> <!-- Default test -->
  </suite> <!-- Default suite -->
</testng-results>
