<?xml version="1.0" encoding="UTF-8"?>
<testng-results skipped="0" failed="0" total="1" passed="1">
  <reporter-output>
  </reporter-output>
  <suite name="test-rerun" duration-ms="61185" started-at="2016-07-16T20:02:06Z" finished-at="2016-07-16T20:03:07Z">
    <groups>
    </groups>
    <test name="test-rerun" duration-ms="61185" started-at="2016-07-16T20:02:06Z" finished-at="2016-07-16T20:03:07Z">
      <class name="test.Send.Mail">
        <test-method status="PASS" signature="start()[pri:0, instance:test.Send.Mail@8dacdf]" name="start" is-config="true" duration-ms="63065" started-at="2016-07-16T16:01:03Z" finished-at="2016-07-16T16:02:06Z">
          <reporter-output>
          </reporter-output>
        </test-method> <!-- start -->
        <test-method status="PASS" signature="finish()[pri:0, instance:test.Send.Mail@8dacdf]" name="finish" is-config="true" duration-ms="1915" started-at="2016-07-16T16:03:07Z" finished-at="2016-07-16T16:03:09Z">
          <reporter-output>
          </reporter-output>
        </test-method> <!-- finish -->
      </class> <!-- test.Send.Mail -->
      <class name="test.Cases.Videos">
        <test-method status="PASS" signature="startTime()[pri:0, instance:test.Cases.Videos@75222b]" name="startTime" is-config="true" duration-ms="10" started-at="2016-07-16T16:02:06Z" finished-at="2016-07-16T16:02:06Z">
          <reporter-output>
          </reporter-output>
        </test-method> <!-- startTime -->
        <test-method status="PASS" signature="testBornDateTagOrderIsDescending()[pri:0, instance:test.Cases.Videos@75222b]" name="testBornDateTagOrderIsDescending" duration-ms="61155" started-at="2016-07-16T16:02:06Z" finished-at="2016-07-16T16:03:07Z">
          <reporter-output>
          </reporter-output>
        </test-method> <!-- testBornDateTagOrderIsDescending -->
        <test-method status="PASS" signature="endTime()[pri:0, instance:test.Cases.Videos@75222b]" name="endTime" is-config="true" duration-ms="0" started-at="2016-07-16T16:03:07Z" finished-at="2016-07-16T16:03:07Z">
          <reporter-output>
          </reporter-output>
        </test-method> <!-- endTime -->
      </class> <!-- test.Cases.Videos -->
    </test> <!-- test-rerun -->
  </suite> <!-- test-rerun -->
</testng-results>
