<?xml version="1.0" encoding="UTF-8"?>
<testng-results skipped="0" failed="1" total="1" passed="0">
  <reporter-output>
  </reporter-output>
  <suite name="Default suite" duration-ms="3133" started-at="2016-02-17T19:25:34Z" finished-at="2016-02-17T19:25:37Z">
    <groups>
    </groups>
    <test name="Default test" duration-ms="3133" started-at="2016-02-17T19:25:34Z" finished-at="2016-02-17T19:25:37Z">
      <class name="test.Cases.Java.cpadTestPrograms">
        <test-method status="PASS" signature="logOpen()[pri:0, instance:test.Cases.Java.cpadTestPrograms@3f0ee7cb]" name="logOpen" is-config="true" duration-ms="40" started-at="2016-02-17T14:25:34Z" finished-at="2016-02-17T14:25:34Z">
          <reporter-output>
          </reporter-output>
        </test-method> <!-- logOpen -->
        <test-method status="PASS" signature="startTime()[pri:0, instance:test.Cases.Java.cpadTestPrograms@3f0ee7cb]" name="startTime" is-config="true" duration-ms="13" started-at="2016-02-17T14:25:34Z" finished-at="2016-02-17T14:25:34Z">
          <reporter-output>
          </reporter-output>
        </test-method> <!-- startTime -->
        <test-method status="FAIL" signature="testTitleTagIsAllanGregg()[pri:0, instance:test.Cases.Java.cpadTestPrograms@3f0ee7cb]" name="testTitleTagIsAllanGregg" duration-ms="3017" started-at="2016-02-17T14:25:34Z" finished-at="2016-02-17T14:25:37Z">
          <exception class="java.lang.AssertionError">
            <message>
              <![CDATA[TEST EXECUTION # 1 - Unexpected Results found! expected [true] but found [false]]]>
            </message>
            <full-stacktrace>
              <![CDATA[java.lang.AssertionError: TEST EXECUTION # 1 - Unexpected Results found! expected [true] but found [false]
	at org.testng.Assert.fail(Assert.java:94)
	at org.testng.Assert.failNotEquals(Assert.java:494)
	at org.testng.Assert.assertTrue(Assert.java:42)
	at test.Cases.Java.cpadTestPrograms.testTitleTagIsAllanGregg(cpadTestPrograms.java:356)
	at sun.reflect.NativeMethodAccessorImpl.invoke0(Native Method)
	at sun.reflect.NativeMethodAccessorImpl.invoke(NativeMethodAccessorImpl.java:62)
	at sun.reflect.DelegatingMethodAccessorImpl.invoke(DelegatingMethodAccessorImpl.java:43)
	at java.lang.reflect.Method.invoke(Method.java:498)
	at org.testng.internal.MethodInvocationHelper.invokeMethod(MethodInvocationHelper.java:84)
	at org.testng.internal.Invoker.invokeMethod(Invoker.java:714)
	at org.testng.internal.Invoker.invokeTestMethod(Invoker.java:901)
	at org.testng.internal.Invoker.invokeTestMethods(Invoker.java:1231)
	at org.testng.internal.TestMethodWorker.invokeTestMethods(TestMethodWorker.java:127)
	at org.testng.internal.TestMethodWorker.run(TestMethodWorker.java:111)
	at org.testng.TestRunner.privateRun(TestRunner.java:767)
	at org.testng.TestRunner.run(TestRunner.java:617)
	at org.testng.SuiteRunner.runTest(SuiteRunner.java:334)
	at org.testng.SuiteRunner.runSequentially(SuiteRunner.java:329)
	at org.testng.SuiteRunner.privateRun(SuiteRunner.java:291)
	at org.testng.SuiteRunner.run(SuiteRunner.java:240)
	at org.testng.SuiteRunnerWorker.runSuite(SuiteRunnerWorker.java:52)
	at org.testng.SuiteRunnerWorker.run(SuiteRunnerWorker.java:86)
	at org.testng.TestNG.runSuitesSequentially(TestNG.java:1224)
	at org.testng.TestNG.runSuitesLocally(TestNG.java:1149)
	at org.testng.TestNG.run(TestNG.java:1057)
	at org.testng.remote.RemoteTestNG.run(RemoteTestNG.java:115)
	at org.testng.remote.RemoteTestNG.initAndRun(RemoteTestNG.java:207)
	at org.testng.remote.RemoteTestNG.main(RemoteTestNG.java:178)
]]>
            </full-stacktrace>
          </exception> <!-- java.lang.AssertionError -->
          <reporter-output>
          </reporter-output>
        </test-method> <!-- testTitleTagIsAllanGregg -->
        <test-method status="PASS" signature="endTime()[pri:0, instance:test.Cases.Java.cpadTestPrograms@3f0ee7cb]" name="endTime" is-config="true" duration-ms="5" started-at="2016-02-17T14:25:37Z" finished-at="2016-02-17T14:25:37Z">
          <reporter-output>
          </reporter-output>
        </test-method> <!-- endTime -->
        <test-method status="PASS" signature="logClose()[pri:0, instance:test.Cases.Java.cpadTestPrograms@3f0ee7cb]" name="logClose" is-config="true" duration-ms="7" started-at="2016-02-17T14:25:37Z" finished-at="2016-02-17T14:25:37Z">
          <reporter-output>
          </reporter-output>
        </test-method> <!-- logClose -->
      </class> <!-- test.Cases.Java.cpadTestPrograms -->
    </test> <!-- Default test -->
  </suite> <!-- Default suite -->
</testng-results>
