<?xml version="1.0" encoding="UTF-8"?>
<testng-results skipped="0" failed="0" total="1" passed="1">
  <reporter-output>
  </reporter-output>
  <suite name="Default suite" duration-ms="610428" started-at="2016-02-01T22:58:16Z" finished-at="2016-02-01T23:08:26Z">
    <groups>
    </groups>
    <test name="Default test" duration-ms="610428" started-at="2016-02-01T22:58:16Z" finished-at="2016-02-01T23:08:26Z">
      <class name="test.engine.cpadTester4">
        <test-method status="PASS" signature="logOpen()[pri:0, instance:test.engine.cpadTester4@19bb089b]" name="logOpen" is-config="true" duration-ms="104" started-at="2016-02-01T17:58:16Z" finished-at="2016-02-01T17:58:16Z">
          <reporter-output>
          </reporter-output>
        </test-method> <!-- logOpen -->
        <test-method status="PASS" signature="startTime()[pri:0, instance:test.engine.cpadTester4@19bb089b]" name="startTime" is-config="true" duration-ms="15" started-at="2016-02-01T17:58:16Z" finished-at="2016-02-01T17:58:16Z">
          <reporter-output>
          </reporter-output>
        </test-method> <!-- startTime -->
        <test-method status="PASS" signature="testOrder()[pri:0, instance:test.engine.cpadTester4@19bb089b]" name="testOrder" duration-ms="610364" started-at="2016-02-01T17:58:16Z" finished-at="2016-02-01T18:08:26Z">
          <reporter-output>
          </reporter-output>
        </test-method> <!-- testOrder -->
        <test-method status="PASS" signature="endTime()[pri:0, instance:test.engine.cpadTester4@19bb089b]" name="endTime" is-config="true" duration-ms="8" started-at="2016-02-01T18:08:26Z" finished-at="2016-02-01T18:08:26Z">
          <reporter-output>
          </reporter-output>
        </test-method> <!-- endTime -->
        <test-method status="PASS" signature="logClose()[pri:0, instance:test.engine.cpadTester4@19bb089b]" name="logClose" is-config="true" duration-ms="2" started-at="2016-02-01T18:08:26Z" finished-at="2016-02-01T18:08:26Z">
          <reporter-output>
          </reporter-output>
        </test-method> <!-- logClose -->
      </class> <!-- test.engine.cpadTester4 -->
    </test> <!-- Default test -->
  </suite> <!-- Default suite -->
</testng-results>
