<?xml version="1.0" encoding="UTF-8"?>
<testng-results skipped="0" failed="0" total="1" passed="1">
  <reporter-output>
  </reporter-output>
  <suite name="test-single" duration-ms="3358" started-at="2016-02-22T18:52:06Z" finished-at="2016-02-22T18:52:09Z">
    <groups>
    </groups>
    <test name="test-single" duration-ms="3358" started-at="2016-02-22T18:52:06Z" finished-at="2016-02-22T18:52:09Z">
      <class name="test.Cases.Java.cpadTestSchedules">
        <test-method status="PASS" signature="logOpen()[pri:0, instance:test.Cases.Java.cpadTestSchedules@c818063]" name="logOpen" is-config="true" duration-ms="56" started-at="2016-02-22T13:52:06Z" finished-at="2016-02-22T13:52:06Z">
          <reporter-output>
          </reporter-output>
        </test-method> <!-- logOpen -->
        <test-method status="PASS" signature="startTime()[pri:0, instance:test.Cases.Java.cpadTestSchedules@c818063]" name="startTime" is-config="true" duration-ms="16" started-at="2016-02-22T13:52:06Z" finished-at="2016-02-22T13:52:06Z">
          <reporter-output>
          </reporter-output>
        </test-method> <!-- startTime -->
        <test-method status="PASS" signature="testProgramAssetIdTagIsCorrect()[pri:0, instance:test.Cases.Java.cpadTestSchedules@c818063]" name="testProgramAssetIdTagIsCorrect" duration-ms="3324" started-at="2016-02-22T13:52:06Z" finished-at="2016-02-22T13:52:09Z">
          <reporter-output>
          </reporter-output>
        </test-method> <!-- testProgramAssetIdTagIsCorrect -->
        <test-method status="PASS" signature="endTime()[pri:0, instance:test.Cases.Java.cpadTestSchedules@c818063]" name="endTime" is-config="true" duration-ms="4" started-at="2016-02-22T13:52:09Z" finished-at="2016-02-22T13:52:09Z">
          <reporter-output>
          </reporter-output>
        </test-method> <!-- endTime -->
        <test-method status="PASS" signature="logClose()[pri:0, instance:test.Cases.Java.cpadTestSchedules@c818063]" name="logClose" is-config="true" duration-ms="1" started-at="2016-02-22T13:52:09Z" finished-at="2016-02-22T13:52:09Z">
          <reporter-output>
          </reporter-output>
        </test-method> <!-- logClose -->
      </class> <!-- test.Cases.Java.cpadTestSchedules -->
    </test> <!-- test-single -->
  </suite> <!-- test-single -->
</testng-results>
