<?xml version="1.0" encoding="UTF-8"?>
<testng-results skipped="0" failed="1" total="1" passed="0">
  <reporter-output>
  </reporter-output>
  <suite name="test-single" duration-ms="264690" started-at="2016-02-12T23:27:52Z" finished-at="2016-02-12T23:32:17Z">
    <groups>
    </groups>
    <test name="test-single" duration-ms="264690" started-at="2016-02-12T23:27:52Z" finished-at="2016-02-12T23:32:17Z">
      <class name="test.Cases.cpadTestPrograms">
        <test-method status="PASS" signature="logOpen()[pri:0, instance:test.Cases.cpadTestPrograms@c818063]" name="logOpen" is-config="true" duration-ms="46" started-at="2016-02-12T18:27:52Z" finished-at="2016-02-12T18:27:52Z">
          <reporter-output>
          </reporter-output>
        </test-method> <!-- logOpen -->
        <test-method status="PASS" signature="startTime()[pri:0, instance:test.Cases.cpadTestPrograms@c818063]" name="startTime" is-config="true" duration-ms="11" started-at="2016-02-12T18:27:52Z" finished-at="2016-02-12T18:27:52Z">
          <reporter-output>
          </reporter-output>
        </test-method> <!-- startTime -->
        <test-method status="FAIL" signature="testCreateOnOrderIsAscending()[pri:0, instance:test.Cases.cpadTestPrograms@c818063]" name="testCreateOnOrderIsAscending" duration-ms="264595" started-at="2016-02-12T18:27:52Z" finished-at="2016-02-12T18:32:17Z">
          <exception class="org.openqa.selenium.remote.SessionNotFoundException">
            <message>
              <![CDATA[Session ID is null. Using WebDriver after calling quit()?
Build info: version: '2.45.0', revision: '32a636c', time: '2015-03-05 22:01:35'
System info: host: 'WIN-K1RO6HNCMPU', ip: '192.168.126.129', os.name: 'Windows 7', os.arch: 'amd64', os.version: '6.1', java.version: '1.8.0_72'
Driver info: driver.version: RemoteWebDriver]]>
            </message>
            <full-stacktrace>
              <![CDATA[org.openqa.selenium.remote.SessionNotFoundException: Session ID is null. Using WebDriver after calling quit()?
Build info: version: '2.45.0', revision: '32a636c', time: '2015-03-05 22:01:35'
System info: host: 'WIN-K1RO6HNCMPU', ip: '192.168.126.129', os.name: 'Windows 7', os.arch: 'amd64', os.version: '6.1', java.version: '1.8.0_72'
Driver info: driver.version: RemoteWebDriver
	at org.openqa.selenium.remote.HttpCommandExecutor.execute(HttpCommandExecutor.java:125)
	at org.openqa.selenium.remote.service.DriverCommandExecutor.execute(DriverCommandExecutor.java:66)
	at org.openqa.selenium.remote.RemoteWebDriver.execute(RemoteWebDriver.java:572)
	at org.openqa.selenium.remote.RemoteWebDriver.execute(RemoteWebDriver.java:622)
	at org.openqa.selenium.remote.RemoteWebDriver.getScreenshotAs(RemoteWebDriver.java:324)
	at test.helper.Functions.getScreenShot(Functions.java:968)
	at test.helper.Functions.getAssertTrue(Functions.java:786)
	at test.Cases.cpadTestPrograms.testCreateOnOrderIsAscending(cpadTestPrograms.java:216)
	at sun.reflect.NativeMethodAccessorImpl.invoke0(Native Method)
	at sun.reflect.NativeMethodAccessorImpl.invoke(Unknown Source)
	at sun.reflect.DelegatingMethodAccessorImpl.invoke(Unknown Source)
	at java.lang.reflect.Method.invoke(Unknown Source)
	at org.testng.internal.MethodInvocationHelper.invokeMethod(MethodInvocationHelper.java:84)
	at org.testng.internal.Invoker.invokeMethod(Invoker.java:714)
	at org.testng.internal.Invoker.invokeTestMethod(Invoker.java:901)
	at org.testng.internal.Invoker.invokeTestMethods(Invoker.java:1231)
	at org.testng.internal.TestMethodWorker.invokeTestMethods(TestMethodWorker.java:127)
	at org.testng.internal.TestMethodWorker.run(TestMethodWorker.java:111)
	at org.testng.TestRunner.privateRun(TestRunner.java:767)
	at org.testng.TestRunner.run(TestRunner.java:617)
	at org.testng.SuiteRunner.runTest(SuiteRunner.java:334)
	at org.testng.SuiteRunner.runSequentially(SuiteRunner.java:329)
	at org.testng.SuiteRunner.privateRun(SuiteRunner.java:291)
	at org.testng.SuiteRunner.run(SuiteRunner.java:240)
	at org.testng.SuiteRunnerWorker.runSuite(SuiteRunnerWorker.java:52)
	at org.testng.SuiteRunnerWorker.run(SuiteRunnerWorker.java:86)
	at org.testng.TestNG.runSuitesSequentially(TestNG.java:1224)
	at org.testng.TestNG.runSuitesLocally(TestNG.java:1149)
	at org.testng.TestNG.run(TestNG.java:1057)
	at org.testng.remote.RemoteTestNG.run(RemoteTestNG.java:115)
	at org.testng.remote.RemoteTestNG.initAndRun(RemoteTestNG.java:207)
	at org.testng.remote.RemoteTestNG.main(RemoteTestNG.java:178)
]]>
            </full-stacktrace>
          </exception> <!-- org.openqa.selenium.remote.SessionNotFoundException -->
          <reporter-output>
          </reporter-output>
        </test-method> <!-- testCreateOnOrderIsAscending -->
        <test-method status="PASS" signature="closeBrowsers()[pri:0, instance:test.Cases.cpadTestPrograms@c818063]" name="closeBrowsers" is-config="true" duration-ms="1" started-at="2016-02-12T18:32:17Z" finished-at="2016-02-12T18:32:17Z">
          <reporter-output>
          </reporter-output>
        </test-method> <!-- closeBrowsers -->
        <test-method status="PASS" signature="endTime()[pri:0, instance:test.Cases.cpadTestPrograms@c818063]" name="endTime" is-config="true" duration-ms="13" started-at="2016-02-12T18:32:17Z" finished-at="2016-02-12T18:32:17Z">
          <reporter-output>
          </reporter-output>
        </test-method> <!-- endTime -->
        <test-method status="PASS" signature="logClose()[pri:0, instance:test.Cases.cpadTestPrograms@c818063]" name="logClose" is-config="true" duration-ms="4" started-at="2016-02-12T18:32:17Z" finished-at="2016-02-12T18:32:17Z">
          <reporter-output>
          </reporter-output>
        </test-method> <!-- logClose -->
      </class> <!-- test.Cases.cpadTestPrograms -->
    </test> <!-- test-single -->
  </suite> <!-- test-single -->
</testng-results>
