<?xml version="1.0" encoding="UTF-8"?>
<testng-results skipped="0" failed="1" total="5" passed="4">
  <reporter-output>
  </reporter-output>
  <suite name="test-regression" duration-ms="4139076" started-at="2016-02-13T04:47:23Z" finished-at="2016-02-13T05:56:22Z">
    <groups>
    </groups>
    <test name="test-regression" duration-ms="4139076" started-at="2016-02-13T04:47:23Z" finished-at="2016-02-13T05:56:22Z">
      <class name="test.Cases.cpadTestPrograms">
        <test-method status="PASS" signature="startTime()[pri:0, instance:test.Cases.cpadTestPrograms@b684286]" name="startTime" is-config="true" duration-ms="33" started-at="2016-02-12T23:47:23Z" finished-at="2016-02-12T23:47:23Z">
          <reporter-output>
          </reporter-output>
        </test-method> <!-- startTime -->
        <test-method status="FAIL" signature="testCreateOnOrderIsAscending()[pri:0, instance:test.Cases.cpadTestPrograms@b684286]" name="testCreateOnOrderIsAscending" duration-ms="273669" started-at="2016-02-12T23:47:23Z" finished-at="2016-02-12T23:51:57Z">
          <exception class="org.openqa.selenium.remote.SessionNotFoundException">
            <message>
              <![CDATA[Session ID is null. Using WebDriver after calling quit()?
Build info: version: '2.45.0', revision: '32a636c', time: '2015-03-05 22:01:35'
System info: host: 'WIN-K1RO6HNCMPU', ip: '192.168.126.129', os.name: 'Windows 7', os.arch: 'amd64', os.version: '6.1', java.version: '1.8.0_72'
Driver info: driver.version: RemoteWebDriver]]>
            </message>
            <full-stacktrace>
              <![CDATA[org.openqa.selenium.remote.SessionNotFoundException: Session ID is null. Using WebDriver after calling quit()?
Build info: version: '2.45.0', revision: '32a636c', time: '2015-03-05 22:01:35'
System info: host: 'WIN-K1RO6HNCMPU', ip: '192.168.126.129', os.name: 'Windows 7', os.arch: 'amd64', os.version: '6.1', java.version: '1.8.0_72'
Driver info: driver.version: RemoteWebDriver
	at org.openqa.selenium.remote.HttpCommandExecutor.execute(HttpCommandExecutor.java:125)
	at org.openqa.selenium.remote.service.DriverCommandExecutor.execute(DriverCommandExecutor.java:66)
	at org.openqa.selenium.remote.RemoteWebDriver.execute(RemoteWebDriver.java:572)
	at org.openqa.selenium.remote.RemoteWebDriver.execute(RemoteWebDriver.java:622)
	at org.openqa.selenium.remote.RemoteWebDriver.getScreenshotAs(RemoteWebDriver.java:324)
	at test.helper.Functions.getScreenShot(Functions.java:1220)
	at test.helper.Functions.getAssertTrue(Functions.java:1006)
	at test.Cases.cpadTestPrograms.testCreateOnOrderIsAscending(cpadTestPrograms.java:219)
	at sun.reflect.NativeMethodAccessorImpl.invoke0(Native Method)
	at sun.reflect.NativeMethodAccessorImpl.invoke(Unknown Source)
	at sun.reflect.DelegatingMethodAccessorImpl.invoke(Unknown Source)
	at java.lang.reflect.Method.invoke(Unknown Source)
	at org.testng.internal.MethodInvocationHelper.invokeMethod(MethodInvocationHelper.java:84)
	at org.testng.internal.Invoker.invokeMethod(Invoker.java:714)
	at org.testng.internal.Invoker.invokeTestMethod(Invoker.java:901)
	at org.testng.internal.Invoker.invokeTestMethods(Invoker.java:1231)
	at org.testng.internal.TestMethodWorker.invokeTestMethods(TestMethodWorker.java:127)
	at org.testng.internal.TestMethodWorker.run(TestMethodWorker.java:111)
	at org.testng.TestRunner.privateRun(TestRunner.java:767)
	at org.testng.TestRunner.run(TestRunner.java:617)
	at org.testng.SuiteRunner.runTest(SuiteRunner.java:334)
	at org.testng.SuiteRunner.runSequentially(SuiteRunner.java:329)
	at org.testng.SuiteRunner.privateRun(SuiteRunner.java:291)
	at org.testng.SuiteRunner.run(SuiteRunner.java:240)
	at org.testng.SuiteRunnerWorker.runSuite(SuiteRunnerWorker.java:52)
	at org.testng.SuiteRunnerWorker.run(SuiteRunnerWorker.java:86)
	at org.testng.TestNG.runSuitesSequentially(TestNG.java:1224)
	at org.testng.TestNG.runSuitesLocally(TestNG.java:1149)
	at org.testng.TestNG.run(TestNG.java:1057)
	at org.testng.remote.RemoteTestNG.run(RemoteTestNG.java:115)
	at org.testng.remote.RemoteTestNG.initAndRun(RemoteTestNG.java:207)
	at org.testng.remote.RemoteTestNG.main(RemoteTestNG.java:178)
]]>
            </full-stacktrace>
          </exception> <!-- org.openqa.selenium.remote.SessionNotFoundException -->
          <reporter-output>
          </reporter-output>
        </test-method> <!-- testCreateOnOrderIsAscending -->
        <test-method status="PASS" signature="closeBrowsers()[pri:0, instance:test.Cases.cpadTestPrograms@b684286]" name="closeBrowsers" is-config="true" duration-ms="1" started-at="2016-02-12T23:51:57Z" finished-at="2016-02-12T23:51:57Z">
          <reporter-output>
          </reporter-output>
        </test-method> <!-- closeBrowsers -->
        <test-method status="PASS" signature="endTime()[pri:0, instance:test.Cases.cpadTestPrograms@b684286]" name="endTime" is-config="true" duration-ms="11" started-at="2016-02-12T23:51:57Z" finished-at="2016-02-12T23:51:57Z">
          <reporter-output>
          </reporter-output>
        </test-method> <!-- endTime -->
        <test-method status="PASS" signature="startTime()[pri:0, instance:test.Cases.cpadTestPrograms@b684286]" name="startTime" is-config="true" duration-ms="2" started-at="2016-02-12T23:51:57Z" finished-at="2016-02-12T23:51:57Z">
          <reporter-output>
          </reporter-output>
        </test-method> <!-- startTime -->
        <test-method status="PASS" signature="testGroupTagIsAdult()[pri:0, instance:test.Cases.cpadTestPrograms@b684286]" name="testGroupTagIsAdult" duration-ms="1076549" started-at="2016-02-12T23:51:57Z" finished-at="2016-02-13T00:09:54Z">
          <reporter-output>
          </reporter-output>
        </test-method> <!-- testGroupTagIsAdult -->
        <test-method status="PASS" signature="endTime()[pri:0, instance:test.Cases.cpadTestPrograms@b684286]" name="endTime" is-config="true" duration-ms="6" started-at="2016-02-13T00:09:54Z" finished-at="2016-02-13T00:09:54Z">
          <reporter-output>
          </reporter-output>
        </test-method> <!-- endTime -->
        <test-method status="PASS" signature="closeBrowsers()[pri:0, instance:test.Cases.cpadTestPrograms@b684286]" name="closeBrowsers" is-config="true" duration-ms="0" started-at="2016-02-13T00:09:54Z" finished-at="2016-02-13T00:09:54Z">
          <reporter-output>
          </reporter-output>
        </test-method> <!-- closeBrowsers -->
        <test-method status="PASS" signature="startTime()[pri:0, instance:test.Cases.cpadTestPrograms@b684286]" name="startTime" is-config="true" duration-ms="2" started-at="2016-02-13T00:09:54Z" finished-at="2016-02-13T00:09:54Z">
          <reporter-output>
          </reporter-output>
        </test-method> <!-- startTime -->
        <test-method status="PASS" signature="testProgramRecordsMaxNumber()[pri:0, instance:test.Cases.cpadTestPrograms@b684286]" name="testProgramRecordsMaxNumber" duration-ms="1055218" started-at="2016-02-13T00:09:54Z" finished-at="2016-02-13T00:27:29Z">
          <reporter-output>
          </reporter-output>
        </test-method> <!-- testProgramRecordsMaxNumber -->
        <test-method status="PASS" signature="endTime()[pri:0, instance:test.Cases.cpadTestPrograms@b684286]" name="endTime" is-config="true" duration-ms="4" started-at="2016-02-13T00:27:29Z" finished-at="2016-02-13T00:27:29Z">
          <reporter-output>
          </reporter-output>
        </test-method> <!-- endTime -->
        <test-method status="PASS" signature="closeBrowsers()[pri:0, instance:test.Cases.cpadTestPrograms@b684286]" name="closeBrowsers" is-config="true" duration-ms="0" started-at="2016-02-13T00:27:29Z" finished-at="2016-02-13T00:27:29Z">
          <reporter-output>
          </reporter-output>
        </test-method> <!-- closeBrowsers -->
        <test-method status="PASS" signature="startTime()[pri:0, instance:test.Cases.cpadTestPrograms@b684286]" name="startTime" is-config="true" duration-ms="2" started-at="2016-02-13T00:27:29Z" finished-at="2016-02-13T00:27:29Z">
          <reporter-output>
          </reporter-output>
        </test-method> <!-- startTime -->
        <test-method status="PASS" signature="testSingleProgramTagIsOne()[pri:0, instance:test.Cases.cpadTestPrograms@b684286]" name="testSingleProgramTagIsOne" duration-ms="1071536" started-at="2016-02-13T00:27:29Z" finished-at="2016-02-13T00:45:20Z">
          <reporter-output>
          </reporter-output>
        </test-method> <!-- testSingleProgramTagIsOne -->
        <test-method status="PASS" signature="endTime()[pri:0, instance:test.Cases.cpadTestPrograms@b684286]" name="endTime" is-config="true" duration-ms="2" started-at="2016-02-13T00:45:20Z" finished-at="2016-02-13T00:45:20Z">
          <reporter-output>
          </reporter-output>
        </test-method> <!-- endTime -->
        <test-method status="PASS" signature="closeBrowsers()[pri:0, instance:test.Cases.cpadTestPrograms@b684286]" name="closeBrowsers" is-config="true" duration-ms="0" started-at="2016-02-13T00:45:20Z" finished-at="2016-02-13T00:45:20Z">
          <reporter-output>
          </reporter-output>
        </test-method> <!-- closeBrowsers -->
      </class> <!-- test.Cases.cpadTestPrograms -->
      <class name="test.engines.cpadTestComboURL">
        <test-method status="PASS" signature="logOpen()[pri:0, instance:test.engines.cpadTestComboURL@3f3afe78]" name="logOpen" is-config="true" duration-ms="69" started-at="2016-02-12T23:47:23Z" finished-at="2016-02-12T23:47:23Z">
          <reporter-output>
          </reporter-output>
        </test-method> <!-- logOpen -->
        <test-method status="PASS" signature="logOpen()[pri:0, instance:test.engines.cpadTestMultiURL@7a79be86]" name="logOpen" is-config="true" duration-ms="3" started-at="2016-02-12T23:47:23Z" finished-at="2016-02-12T23:47:23Z">
          <reporter-output>
          </reporter-output>
        </test-method> <!-- logOpen -->
        <test-method status="PASS" signature="logOpen()[pri:0, instance:test.Cases.cpadTestPrograms@b684286]" name="logOpen" is-config="true" duration-ms="2" started-at="2016-02-12T23:47:23Z" finished-at="2016-02-12T23:47:23Z">
          <reporter-output>
          </reporter-output>
        </test-method> <!-- logOpen -->
        <test-method status="PASS" signature="logOpen()[pri:0, instance:test.engines.cpadTestSingleURL@6e8dacdf]" name="logOpen" is-config="true" duration-ms="10" started-at="2016-02-12T23:47:23Z" finished-at="2016-02-12T23:47:23Z">
          <reporter-output>
          </reporter-output>
        </test-method> <!-- logOpen -->
        <test-method status="PASS" signature="logOpen()[pri:0, instance:test.Cases.cpadTestVideos@880ec60]" name="logOpen" is-config="true" duration-ms="5" started-at="2016-02-12T23:47:23Z" finished-at="2016-02-12T23:47:23Z">
          <reporter-output>
          </reporter-output>
        </test-method> <!-- logOpen -->
        <test-method status="PASS" signature="logClose()[pri:0, instance:test.engines.cpadTestComboURL@3f3afe78]" name="logClose" is-config="true" duration-ms="3" started-at="2016-02-13T00:56:22Z" finished-at="2016-02-13T00:56:22Z">
          <reporter-output>
          </reporter-output>
        </test-method> <!-- logClose -->
        <test-method status="PASS" signature="logClose()[pri:0, instance:test.Cases.cpadTestPrograms@b684286]" name="logClose" is-config="true" duration-ms="0" started-at="2016-02-13T00:56:22Z" finished-at="2016-02-13T00:56:22Z">
          <reporter-output>
          </reporter-output>
        </test-method> <!-- logClose -->
        <test-method status="PASS" signature="logClose()[pri:0, instance:test.engines.cpadTestMultiURL@7a79be86]" name="logClose" is-config="true" duration-ms="0" started-at="2016-02-13T00:56:22Z" finished-at="2016-02-13T00:56:22Z">
          <reporter-output>
          </reporter-output>
        </test-method> <!-- logClose -->
        <test-method status="PASS" signature="logClose()[pri:0, instance:test.engines.cpadTestSingleURL@6e8dacdf]" name="logClose" is-config="true" duration-ms="0" started-at="2016-02-13T00:56:22Z" finished-at="2016-02-13T00:56:22Z">
          <reporter-output>
          </reporter-output>
        </test-method> <!-- logClose -->
        <test-method status="PASS" signature="logClose()[pri:0, instance:test.Cases.cpadTestVideos@880ec60]" name="logClose" is-config="true" duration-ms="0" started-at="2016-02-13T00:56:22Z" finished-at="2016-02-13T00:56:22Z">
          <reporter-output>
          </reporter-output>
        </test-method> <!-- logClose -->
      </class> <!-- test.engines.cpadTestComboURL -->
      <class name="test.Cases.cpadTestVideos">
        <test-method status="PASS" signature="testCreateOnOrderIsDescending()[pri:0, instance:test.Cases.cpadTestVideos@880ec60]" name="testCreateOnOrderIsDescending" duration-ms="661881" started-at="2016-02-13T00:45:20Z" finished-at="2016-02-13T00:56:22Z">
          <reporter-output>
          </reporter-output>
        </test-method> <!-- testCreateOnOrderIsDescending -->
        <test-method status="PASS" signature="startTime()[pri:0, instance:test.Cases.cpadTestVideos@880ec60]" name="startTime" is-config="true" duration-ms="0" started-at="2016-02-13T00:45:20Z" finished-at="2016-02-13T00:45:20Z">
          <reporter-output>
          </reporter-output>
        </test-method> <!-- startTime -->
        <test-method status="PASS" signature="closeBrowsers()[pri:0, instance:test.Cases.cpadTestVideos@880ec60]" name="closeBrowsers" is-config="true" duration-ms="1" started-at="2016-02-13T00:56:22Z" finished-at="2016-02-13T00:56:22Z">
          <reporter-output>
          </reporter-output>
        </test-method> <!-- closeBrowsers -->
        <test-method status="PASS" signature="endTime()[pri:0, instance:test.Cases.cpadTestVideos@880ec60]" name="endTime" is-config="true" duration-ms="5" started-at="2016-02-13T00:56:22Z" finished-at="2016-02-13T00:56:22Z">
          <reporter-output>
          </reporter-output>
        </test-method> <!-- endTime -->
      </class> <!-- test.Cases.cpadTestVideos -->
    </test> <!-- test-regression -->
  </suite> <!-- test-regression -->
</testng-results>
