<?xml version="1.0" encoding="UTF-8"?>
<testng-results skipped="0" failed="1" total="15" passed="14">
  <reporter-output>
  </reporter-output>
  <suite name="Default suite" duration-ms="638603" started-at="2016-02-02T20:12:41Z" finished-at="2016-02-02T20:23:20Z">
    <groups>
    </groups>
    <test name="Default test" duration-ms="638603" started-at="2016-02-02T20:12:41Z" finished-at="2016-02-02T20:23:20Z">
      <class name="test.engine.cpadTestExtLoop">
        <test-method status="PASS" signature="logOpen()[pri:0, instance:test.engine.cpadTestExtLoop@3c5a99da]" name="logOpen" is-config="true" duration-ms="80" started-at="2016-02-02T15:12:41Z" finished-at="2016-02-02T15:12:41Z">
          <reporter-output>
          </reporter-output>
        </test-method> <!-- logOpen -->
        <test-method status="PASS" signature="startTime()[pri:0, instance:test.engine.cpadTestExtLoop@3c5a99da]" name="startTime" is-config="true" duration-ms="51" started-at="2016-02-02T15:12:41Z" finished-at="2016-02-02T15:12:41Z">
          <reporter-output>
          </reporter-output>
        </test-method> <!-- startTime -->
        <test-method status="PASS" signature="testOrder()[pri:0, instance:test.engine.cpadTestExtLoop@3c5a99da]" name="testOrder" duration-ms="45823" started-at="2016-02-02T15:12:41Z" finished-at="2016-02-02T15:13:27Z">
          <reporter-output>
          </reporter-output>
        </test-method> <!-- testOrder -->
        <test-method status="PASS" signature="endTime()[pri:0, instance:test.engine.cpadTestExtLoop@3c5a99da]" name="endTime" is-config="true" duration-ms="13" started-at="2016-02-02T15:13:27Z" finished-at="2016-02-02T15:13:27Z">
          <reporter-output>
          </reporter-output>
        </test-method> <!-- endTime -->
        <test-method status="PASS" signature="startTime()[pri:0, instance:test.engine.cpadTestExtLoop@3c5a99da]" name="startTime" is-config="true" duration-ms="3" started-at="2016-02-02T15:13:27Z" finished-at="2016-02-02T15:13:27Z">
          <reporter-output>
          </reporter-output>
        </test-method> <!-- startTime -->
        <test-method status="PASS" signature="testOrder()[pri:0, instance:test.engine.cpadTestExtLoop@3c5a99da]" name="testOrder" duration-ms="43157" started-at="2016-02-02T15:13:27Z" finished-at="2016-02-02T15:14:10Z">
          <reporter-output>
          </reporter-output>
        </test-method> <!-- testOrder -->
        <test-method status="PASS" signature="endTime()[pri:0, instance:test.engine.cpadTestExtLoop@3c5a99da]" name="endTime" is-config="true" duration-ms="10" started-at="2016-02-02T15:14:10Z" finished-at="2016-02-02T15:14:10Z">
          <reporter-output>
          </reporter-output>
        </test-method> <!-- endTime -->
        <test-method status="PASS" signature="startTime()[pri:0, instance:test.engine.cpadTestExtLoop@3c5a99da]" name="startTime" is-config="true" duration-ms="5" started-at="2016-02-02T15:14:10Z" finished-at="2016-02-02T15:14:10Z">
          <reporter-output>
          </reporter-output>
        </test-method> <!-- startTime -->
        <test-method status="FAIL" signature="testOrder()[pri:0, instance:test.engine.cpadTestExtLoop@3c5a99da]" name="testOrder" duration-ms="52799" started-at="2016-02-02T15:14:10Z" finished-at="2016-02-02T15:15:03Z">
          <exception class="java.lang.AssertionError">
            <message>
              <![CDATA[    Result: FAILED
 expected [true] but found [false]]]>
            </message>
            <full-stacktrace>
              <![CDATA[java.lang.AssertionError:     Result: FAILED
 expected [true] but found [false]
	at org.testng.Assert.fail(Assert.java:94)
	at org.testng.Assert.failNotEquals(Assert.java:494)
	at org.testng.Assert.assertTrue(Assert.java:42)
	at test.helper.Functions.xmlAnlyzer(Functions.java:1064)
	at test.engine.cpadTestExtLoop.testOrder(cpadTestExtLoop.java:33)
	at sun.reflect.NativeMethodAccessorImpl.invoke0(Native Method)
	at sun.reflect.NativeMethodAccessorImpl.invoke(Unknown Source)
	at sun.reflect.DelegatingMethodAccessorImpl.invoke(Unknown Source)
	at java.lang.reflect.Method.invoke(Unknown Source)
	at org.testng.internal.MethodInvocationHelper.invokeMethod(MethodInvocationHelper.java:84)
	at org.testng.internal.Invoker.invokeMethod(Invoker.java:714)
	at org.testng.internal.Invoker.invokeTestMethod(Invoker.java:901)
	at org.testng.internal.Invoker.invokeTestMethods(Invoker.java:1231)
	at org.testng.internal.TestMethodWorker.invokeTestMethods(TestMethodWorker.java:127)
	at org.testng.internal.TestMethodWorker.run(TestMethodWorker.java:111)
	at org.testng.TestRunner.privateRun(TestRunner.java:767)
	at org.testng.TestRunner.run(TestRunner.java:617)
	at org.testng.SuiteRunner.runTest(SuiteRunner.java:334)
	at org.testng.SuiteRunner.runSequentially(SuiteRunner.java:329)
	at org.testng.SuiteRunner.privateRun(SuiteRunner.java:291)
	at org.testng.SuiteRunner.run(SuiteRunner.java:240)
	at org.testng.SuiteRunnerWorker.runSuite(SuiteRunnerWorker.java:52)
	at org.testng.SuiteRunnerWorker.run(SuiteRunnerWorker.java:86)
	at org.testng.TestNG.runSuitesSequentially(TestNG.java:1224)
	at org.testng.TestNG.runSuitesLocally(TestNG.java:1149)
	at org.testng.TestNG.run(TestNG.java:1057)
	at org.testng.remote.RemoteTestNG.run(RemoteTestNG.java:115)
	at org.testng.remote.RemoteTestNG.initAndRun(RemoteTestNG.java:207)
	at org.testng.remote.RemoteTestNG.main(RemoteTestNG.java:178)
]]>
            </full-stacktrace>
          </exception> <!-- java.lang.AssertionError -->
          <reporter-output>
          </reporter-output>
        </test-method> <!-- testOrder -->
        <test-method status="PASS" signature="endTime()[pri:0, instance:test.engine.cpadTestExtLoop@3c5a99da]" name="endTime" is-config="true" duration-ms="10" started-at="2016-02-02T15:15:03Z" finished-at="2016-02-02T15:15:03Z">
          <reporter-output>
          </reporter-output>
        </test-method> <!-- endTime -->
        <test-method status="PASS" signature="startTime()[pri:0, instance:test.engine.cpadTestExtLoop@3c5a99da]" name="startTime" is-config="true" duration-ms="5" started-at="2016-02-02T15:15:03Z" finished-at="2016-02-02T15:15:03Z">
          <reporter-output>
          </reporter-output>
        </test-method> <!-- startTime -->
        <test-method status="PASS" signature="testOrder()[pri:0, instance:test.engine.cpadTestExtLoop@3c5a99da]" name="testOrder" duration-ms="42630" started-at="2016-02-02T15:15:03Z" finished-at="2016-02-02T15:15:46Z">
          <reporter-output>
          </reporter-output>
        </test-method> <!-- testOrder -->
        <test-method status="PASS" signature="endTime()[pri:0, instance:test.engine.cpadTestExtLoop@3c5a99da]" name="endTime" is-config="true" duration-ms="10" started-at="2016-02-02T15:15:46Z" finished-at="2016-02-02T15:15:46Z">
          <reporter-output>
          </reporter-output>
        </test-method> <!-- endTime -->
        <test-method status="PASS" signature="startTime()[pri:0, instance:test.engine.cpadTestExtLoop@3c5a99da]" name="startTime" is-config="true" duration-ms="5" started-at="2016-02-02T15:15:46Z" finished-at="2016-02-02T15:15:46Z">
          <reporter-output>
          </reporter-output>
        </test-method> <!-- startTime -->
        <test-method status="PASS" signature="testOrder()[pri:0, instance:test.engine.cpadTestExtLoop@3c5a99da]" name="testOrder" duration-ms="42543" started-at="2016-02-02T15:15:46Z" finished-at="2016-02-02T15:16:28Z">
          <reporter-output>
          </reporter-output>
        </test-method> <!-- testOrder -->
        <test-method status="PASS" signature="endTime()[pri:0, instance:test.engine.cpadTestExtLoop@3c5a99da]" name="endTime" is-config="true" duration-ms="10" started-at="2016-02-02T15:16:28Z" finished-at="2016-02-02T15:16:28Z">
          <reporter-output>
          </reporter-output>
        </test-method> <!-- endTime -->
        <test-method status="PASS" signature="testOrder()[pri:0, instance:test.engine.cpadTestExtLoop@3c5a99da]" name="testOrder" duration-ms="40851" started-at="2016-02-02T15:16:28Z" finished-at="2016-02-02T15:17:09Z">
          <reporter-output>
          </reporter-output>
        </test-method> <!-- testOrder -->
        <test-method status="PASS" signature="startTime()[pri:0, instance:test.engine.cpadTestExtLoop@3c5a99da]" name="startTime" is-config="true" duration-ms="0" started-at="2016-02-02T15:16:28Z" finished-at="2016-02-02T15:16:28Z">
          <reporter-output>
          </reporter-output>
        </test-method> <!-- startTime -->
        <test-method status="PASS" signature="endTime()[pri:0, instance:test.engine.cpadTestExtLoop@3c5a99da]" name="endTime" is-config="true" duration-ms="5" started-at="2016-02-02T15:17:09Z" finished-at="2016-02-02T15:17:09Z">
          <reporter-output>
          </reporter-output>
        </test-method> <!-- endTime -->
        <test-method status="PASS" signature="startTime()[pri:0, instance:test.engine.cpadTestExtLoop@3c5a99da]" name="startTime" is-config="true" duration-ms="5" started-at="2016-02-02T15:17:09Z" finished-at="2016-02-02T15:17:09Z">
          <reporter-output>
          </reporter-output>
        </test-method> <!-- startTime -->
        <test-method status="PASS" signature="testOrder()[pri:0, instance:test.engine.cpadTestExtLoop@3c5a99da]" name="testOrder" duration-ms="42600" started-at="2016-02-02T15:17:09Z" finished-at="2016-02-02T15:17:52Z">
          <reporter-output>
          </reporter-output>
        </test-method> <!-- testOrder -->
        <test-method status="PASS" signature="endTime()[pri:0, instance:test.engine.cpadTestExtLoop@3c5a99da]" name="endTime" is-config="true" duration-ms="10" started-at="2016-02-02T15:17:52Z" finished-at="2016-02-02T15:17:52Z">
          <reporter-output>
          </reporter-output>
        </test-method> <!-- endTime -->
        <test-method status="PASS" signature="testOrder()[pri:0, instance:test.engine.cpadTestExtLoop@3c5a99da]" name="testOrder" duration-ms="40023" started-at="2016-02-02T15:17:52Z" finished-at="2016-02-02T15:18:32Z">
          <reporter-output>
          </reporter-output>
        </test-method> <!-- testOrder -->
        <test-method status="PASS" signature="startTime()[pri:0, instance:test.engine.cpadTestExtLoop@3c5a99da]" name="startTime" is-config="true" duration-ms="0" started-at="2016-02-02T15:17:52Z" finished-at="2016-02-02T15:17:52Z">
          <reporter-output>
          </reporter-output>
        </test-method> <!-- startTime -->
        <test-method status="PASS" signature="endTime()[pri:0, instance:test.engine.cpadTestExtLoop@3c5a99da]" name="endTime" is-config="true" duration-ms="3" started-at="2016-02-02T15:18:32Z" finished-at="2016-02-02T15:18:32Z">
          <reporter-output>
          </reporter-output>
        </test-method> <!-- endTime -->
        <test-method status="PASS" signature="startTime()[pri:0, instance:test.engine.cpadTestExtLoop@3c5a99da]" name="startTime" is-config="true" duration-ms="1" started-at="2016-02-02T15:18:32Z" finished-at="2016-02-02T15:18:32Z">
          <reporter-output>
          </reporter-output>
        </test-method> <!-- startTime -->
        <test-method status="PASS" signature="testOrder()[pri:0, instance:test.engine.cpadTestExtLoop@3c5a99da]" name="testOrder" duration-ms="41339" started-at="2016-02-02T15:18:32Z" finished-at="2016-02-02T15:19:13Z">
          <reporter-output>
          </reporter-output>
        </test-method> <!-- testOrder -->
        <test-method status="PASS" signature="endTime()[pri:0, instance:test.engine.cpadTestExtLoop@3c5a99da]" name="endTime" is-config="true" duration-ms="5" started-at="2016-02-02T15:19:13Z" finished-at="2016-02-02T15:19:13Z">
          <reporter-output>
          </reporter-output>
        </test-method> <!-- endTime -->
        <test-method status="PASS" signature="startTime()[pri:0, instance:test.engine.cpadTestExtLoop@3c5a99da]" name="startTime" is-config="true" duration-ms="5" started-at="2016-02-02T15:19:13Z" finished-at="2016-02-02T15:19:13Z">
          <reporter-output>
          </reporter-output>
        </test-method> <!-- startTime -->
        <test-method status="PASS" signature="testOrder()[pri:0, instance:test.engine.cpadTestExtLoop@3c5a99da]" name="testOrder" duration-ms="40156" started-at="2016-02-02T15:19:13Z" finished-at="2016-02-02T15:19:53Z">
          <reporter-output>
          </reporter-output>
        </test-method> <!-- testOrder -->
        <test-method status="PASS" signature="endTime()[pri:0, instance:test.engine.cpadTestExtLoop@3c5a99da]" name="endTime" is-config="true" duration-ms="108" started-at="2016-02-02T15:19:53Z" finished-at="2016-02-02T15:19:53Z">
          <reporter-output>
          </reporter-output>
        </test-method> <!-- endTime -->
        <test-method status="PASS" signature="startTime()[pri:0, instance:test.engine.cpadTestExtLoop@3c5a99da]" name="startTime" is-config="true" duration-ms="5" started-at="2016-02-02T15:19:53Z" finished-at="2016-02-02T15:19:53Z">
          <reporter-output>
          </reporter-output>
        </test-method> <!-- startTime -->
        <test-method status="PASS" signature="testOrder()[pri:0, instance:test.engine.cpadTestExtLoop@3c5a99da]" name="testOrder" duration-ms="41743" started-at="2016-02-02T15:19:53Z" finished-at="2016-02-02T15:20:35Z">
          <reporter-output>
          </reporter-output>
        </test-method> <!-- testOrder -->
        <test-method status="PASS" signature="endTime()[pri:0, instance:test.engine.cpadTestExtLoop@3c5a99da]" name="endTime" is-config="true" duration-ms="5" started-at="2016-02-02T15:20:35Z" finished-at="2016-02-02T15:20:35Z">
          <reporter-output>
          </reporter-output>
        </test-method> <!-- endTime -->
        <test-method status="PASS" signature="startTime()[pri:0, instance:test.engine.cpadTestExtLoop@3c5a99da]" name="startTime" is-config="true" duration-ms="1" started-at="2016-02-02T15:20:35Z" finished-at="2016-02-02T15:20:35Z">
          <reporter-output>
          </reporter-output>
        </test-method> <!-- startTime -->
        <test-method status="PASS" signature="testOrder()[pri:0, instance:test.engine.cpadTestExtLoop@3c5a99da]" name="testOrder" duration-ms="40506" started-at="2016-02-02T15:20:35Z" finished-at="2016-02-02T15:21:16Z">
          <reporter-output>
          </reporter-output>
        </test-method> <!-- testOrder -->
        <test-method status="PASS" signature="endTime()[pri:0, instance:test.engine.cpadTestExtLoop@3c5a99da]" name="endTime" is-config="true" duration-ms="3" started-at="2016-02-02T15:21:16Z" finished-at="2016-02-02T15:21:16Z">
          <reporter-output>
          </reporter-output>
        </test-method> <!-- endTime -->
        <test-method status="PASS" signature="startTime()[pri:0, instance:test.engine.cpadTestExtLoop@3c5a99da]" name="startTime" is-config="true" duration-ms="1" started-at="2016-02-02T15:21:16Z" finished-at="2016-02-02T15:21:16Z">
          <reporter-output>
          </reporter-output>
        </test-method> <!-- startTime -->
        <test-method status="PASS" signature="testOrder()[pri:0, instance:test.engine.cpadTestExtLoop@3c5a99da]" name="testOrder" duration-ms="41158" started-at="2016-02-02T15:21:16Z" finished-at="2016-02-02T15:21:57Z">
          <reporter-output>
          </reporter-output>
        </test-method> <!-- testOrder -->
        <test-method status="PASS" signature="endTime()[pri:0, instance:test.engine.cpadTestExtLoop@3c5a99da]" name="endTime" is-config="true" duration-ms="13" started-at="2016-02-02T15:21:57Z" finished-at="2016-02-02T15:21:57Z">
          <reporter-output>
          </reporter-output>
        </test-method> <!-- endTime -->
        <test-method status="PASS" signature="startTime()[pri:0, instance:test.engine.cpadTestExtLoop@3c5a99da]" name="startTime" is-config="true" duration-ms="2" started-at="2016-02-02T15:21:57Z" finished-at="2016-02-02T15:21:57Z">
          <reporter-output>
          </reporter-output>
        </test-method> <!-- startTime -->
        <test-method status="PASS" signature="testOrder()[pri:0, instance:test.engine.cpadTestExtLoop@3c5a99da]" name="testOrder" duration-ms="41113" started-at="2016-02-02T15:21:57Z" finished-at="2016-02-02T15:22:38Z">
          <reporter-output>
          </reporter-output>
        </test-method> <!-- testOrder -->
        <test-method status="PASS" signature="endTime()[pri:0, instance:test.engine.cpadTestExtLoop@3c5a99da]" name="endTime" is-config="true" duration-ms="14" started-at="2016-02-02T15:22:38Z" finished-at="2016-02-02T15:22:38Z">
          <reporter-output>
          </reporter-output>
        </test-method> <!-- endTime -->
        <test-method status="PASS" signature="startTime()[pri:0, instance:test.engine.cpadTestExtLoop@3c5a99da]" name="startTime" is-config="true" duration-ms="1" started-at="2016-02-02T15:22:38Z" finished-at="2016-02-02T15:22:38Z">
          <reporter-output>
          </reporter-output>
        </test-method> <!-- startTime -->
        <test-method status="PASS" signature="testOrder()[pri:0, instance:test.engine.cpadTestExtLoop@3c5a99da]" name="testOrder" duration-ms="41638" started-at="2016-02-02T15:22:38Z" finished-at="2016-02-02T15:23:20Z">
          <reporter-output>
          </reporter-output>
        </test-method> <!-- testOrder -->
        <test-method status="PASS" signature="endTime()[pri:0, instance:test.engine.cpadTestExtLoop@3c5a99da]" name="endTime" is-config="true" duration-ms="5" started-at="2016-02-02T15:23:20Z" finished-at="2016-02-02T15:23:20Z">
          <reporter-output>
          </reporter-output>
        </test-method> <!-- endTime -->
        <test-method status="PASS" signature="logClose()[pri:0, instance:test.engine.cpadTestExtLoop@3c5a99da]" name="logClose" is-config="true" duration-ms="3" started-at="2016-02-02T15:23:20Z" finished-at="2016-02-02T15:23:20Z">
          <reporter-output>
          </reporter-output>
        </test-method> <!-- logClose -->
      </class> <!-- test.engine.cpadTestExtLoop -->
    </test> <!-- Default test -->
  </suite> <!-- Default suite -->
</testng-results>
